#
# A fatal error has been detected by the Java Runtime Environment:
#
#  EXCEPTION_ACCESS_VIOLATION (0xc0000005) at pc=0x00000000666262f8, pid=11820, tid=11268
#
# JRE version: Java(TM) SE Runtime Environment (9.0+11) (build 9.0.4+11)
# Java VM: Java HotSpot(TM) 64-Bit Server VM (9.0.4+11, mixed mode, tiered, compressed oops, g1 gc, windows-amd64)
# Problematic frame:
# V  [jvm.dll+0x3862f8]
#
# No core dump will be written. Minidumps are not enabled by default on client versions of Windows
#
# If you would like to submit a bug report, please visit:
#   http://bugreport.java.com/bugreport/crash.jsp
#

---------------  S U M M A R Y ------------

Command Line: -javaagent:C:\Users\Student226123\AppData\Local\JetBrains\Toolbox\apps\IDEA-U\ch-0\181.4892.42\lib\idea_rt.jar=5977:C:\Users\Student226123\AppData\Local\JetBrains\Toolbox\apps\IDEA-U\ch-0\181.4892.42\bin -Dfile.encoding=UTF-8 Scalar.ScalarMain

Host: Intel(R) Core(TM) i5-4300U CPU @ 1.90GHz, 4 cores, 7G,  Windows 10 , 64 bit Build 17134 (10.0.17134.1)
Time: Mon May 21 16:24:04 2018 Central European Daylight Time elapsed time: 17 seconds (0d 0h 0m 17s)

---------------  T H R E A D  ---------------

Current thread (0x000001ee5d8a6000):  JavaThread "main" [_thread_in_vm, id=11268, stack(0x000000eba6200000,0x000000eba6300000)]

Stack: [0x000000eba6200000,0x000000eba6300000],  sp=0x000000eba62fed60,  free space=1019k
Native frames: (J=compiled Java code, j=interpreted, Vv=VM code, C=native code)
V  [jvm.dll+0x3862f8]
C  [Scalar.dll+0x1c61]
C  0x000001ee6976921c

Java frames: (J=compiled Java code, j=interpreted, Vv=VM code)
j  Scalar.ScalarMain.multi03()V+0
j  Scalar.ScalarMain.main([Ljava/lang/String;)V+154
v  ~StubRoutines::call_stub

siginfo: EXCEPTION_ACCESS_VIOLATION (0xc0000005), reading address 0x0000000000000000


Register to memory mapping:

RIP=0x00000000666262f8 jvm.dll
RAX=0x0000000000000000 is an unknown value
RBX=0x000000eba62fee58 is pointing into the stack for thread: 0x000001ee5d8a6000
RCX=0x000001ee5d8a6000 is a thread
RDX=0x00000000893cbb28 is an oop
java.lang.NoSuchMethodError 
{0x00000000893cbb28} - klass: 'java/lang/NoSuchMethodError'
RSP=0x000000eba62fed60 is pointing into the stack for thread: 0x000001ee5d8a6000
RBP=0x000000eba62ff008 is pointing into the stack for thread: 0x000001ee5d8a6000
RSI=0x000001ee5d8a6218 is an unknown value
RDI=0x000001ee5d8a6000 is a thread
R8 =0x0000000000000000 is an unknown value
R9 =0x00007ffe758e0000 msvcr120.dll
R10=0x0000000000000000 is an unknown value
R11=0x0000000000000200 is an unknown value
R12=0x0000000000000000 is an unknown value
R13={method} {0x000001ee007d43f0} 'multi03' '()V' in 'Scalar/ScalarMain'
R14=0x0000000000000000 is an unknown value
R15=0x000001ee5d8a6000 is a thread


Registers:
RAX=0x0000000000000000, RBX=0x000000eba62fee58, RCX=0x000001ee5d8a6000, RDX=0x00000000893cbb28
RSP=0x000000eba62fed60, RBP=0x000000eba62ff008, RSI=0x000001ee5d8a6218, RDI=0x000001ee5d8a6000
R8 =0x0000000000000000, R9 =0x00007ffe758e0000, R10=0x0000000000000000, R11=0x0000000000000200
R12=0x0000000000000000, R13=0x000001ee007d43e8, R14=0x0000000000000000, R15=0x000001ee5d8a6000
RIP=0x00000000666262f8, EFLAGS=0x0000000000010206

Top of Stack: (sp=0x000000eba62fed60)
0x000000eba62fed60:   0000000000000000 000000006644e506
0x000000eba62fed70:   0000000000000000 0000000066632343
0x000000eba62fed80:   0000000000000003 0000000062b49080
0x000000eba62fed90:   00000000893cb4e8 000000006644e506
0x000000eba62feda0:   0000000062b49084 000000000000000e
0x000000eba62fedb0:   000000eb00009b75 000001ee5d8a6000
0x000000eba62fedc0:   000001ee5d89f9c0 000001ee00000533
0x000000eba62fedd0:   0000000066a4f740 000000006663103d
0x000000eba62fede0:   000001ee5d8a6000 0000000062b49084
0x000000eba62fedf0:   000001ee53d670fd 000000eba62fec90
0x000000eba62fee00:   000081856165ec00 000001ee5d8a6000
0x000000eba62fee10:   000000eba62ff008 000001ee6975b603
0x000000eba62fee20:   0000000000000002 000000eba62feec0
0x000000eba62fee30:   000001ee007d43e8 0000000062b41c61
0x000000eba62fee40:   000001ee007d43e8 000000eba62feec0
0x000000eba62fee50:   0000000000000000 00007ffe758e0000 

Instructions: (pc=0x00000000666262f8)
0x00000000666262d8:   4c 24 58 e8 20 2a 23 00 48 8b 84 24 f0 00 00 00
0x00000000666262e8:   c7 44 24 48 0e 00 00 00 48 8d 9c 24 f8 00 00 00
0x00000000666262f8:   48 8b 08 48 8b 51 08 48 8d 4c 24 78 0f b7 42 2c
0x0000000066626308:   48 8b 52 08 48 8b 54 c2 48 e8 5a 8f 27 00 48 8d 



---------------  P R O C E S S  ---------------

Java Threads: ( => current thread )
  0x000001ee00f76000 JavaThread "Service Thread" daemon [_thread_blocked, id=10672, stack(0x000000eba7900000,0x000000eba7a00000)]
  0x000001ee00f75000 JavaThread "Monitor Ctrl-Break" daemon [_thread_in_native, id=11460, stack(0x000000eba7800000,0x000000eba7900000)]
  0x000001ee00d19800 JavaThread "Common-Cleaner" daemon [_thread_blocked, id=7188, stack(0x000000eba7700000,0x000000eba7800000)]
  0x000001ee00c82800 JavaThread "Sweeper thread" daemon [_thread_blocked, id=7524, stack(0x000000eba7600000,0x000000eba7700000)]
  0x000001ee00c7e800 JavaThread "C1 CompilerThread2" daemon [_thread_blocked, id=7940, stack(0x000000eba7500000,0x000000eba7600000)]
  0x000001ee0031d000 JavaThread "C2 CompilerThread1" daemon [_thread_blocked, id=9804, stack(0x000000eba7400000,0x000000eba7500000)]
  0x000001ee00318000 JavaThread "C2 CompilerThread0" daemon [_thread_blocked, id=2036, stack(0x000000eba7300000,0x000000eba7400000)]
  0x000001ee00c73000 JavaThread "Attach Listener" daemon [_thread_blocked, id=8408, stack(0x000000eba7200000,0x000000eba7300000)]
  0x000001ee00c72800 JavaThread "Signal Dispatcher" daemon [_thread_blocked, id=8656, stack(0x000000eba7100000,0x000000eba7200000)]
  0x000001ee00c24800 JavaThread "Finalizer" daemon [_thread_blocked, id=11360, stack(0x000000eba7000000,0x000000eba7100000)]
  0x000001ee00c19000 JavaThread "Reference Handler" daemon [_thread_blocked, id=8548, stack(0x000000eba6f00000,0x000000eba7000000)]
=>0x000001ee5d8a6000 JavaThread "main" [_thread_in_vm, id=11268, stack(0x000000eba6200000,0x000000eba6300000)]

Other Threads:
  0x000001ee00c14800 VMThread "VM Thread" [stack: 0x000000eba6e00000,0x000000eba6f00000] [id=11436]
  0x000001ee00f87800 WatcherThread [stack: 0x000000eba7a00000,0x000000eba7b00000] [id=11596]
  0x000001ee5d8bf000 GCTaskThread "GC Thread#0" [stack: 0x000000eba6300000,0x000000eba6400000] [id=10820]
  0x000001ee5d8c1800 GCTaskThread "GC Thread#1" [stack: 0x000000eba6400000,0x000000eba6500000] [id=5048]
  0x000001ee5d8c3000 GCTaskThread "GC Thread#2" [stack: 0x000000eba6500000,0x000000eba6600000] [id=11828]
  0x000001ee5d8cb000 GCTaskThread "GC Thread#3" [stack: 0x000000eba6600000,0x000000eba6700000] [id=12644]
  0x000001ee5d94b000 ConcurrentGCThread "G1 Main Marker" [stack: 0x000000eba6c00000,0x000000eba6d00000] [id=6368]
  0x000001ee5d94c000 ConcurrentGCThread "G1 Marker#0" [stack: 0x000000eba6d00000,0x000000eba6e00000] [id=8756]
  0x000001ee5d8da000 ConcurrentGCThread "G1 Refine#0" [stack: 0x000000eba6a00000,0x000000eba6b00000] [id=7936]
  0x000001ee5d8d8800 ConcurrentGCThread "G1 Refine#1" [stack: 0x000000eba6900000,0x000000eba6a00000] [id=7712]
  0x000001ee5d8d7800 ConcurrentGCThread "G1 Refine#2" [stack: 0x000000eba6800000,0x000000eba6900000] [id=2660]
  0x000001ee5d8cc800 ConcurrentGCThread "G1 Refine#3" [stack: 0x000000eba6700000,0x000000eba6800000] [id=2380]
  0x000001ee5d8e3000 ConcurrentGCThread "G1 Young RemSet Sampling" [stack: 0x000000eba6b00000,0x000000eba6c00000] [id=2996]

Threads with active compile tasks:

VM state:not at safepoint (normal execution)

VM Mutex/Monitor currently owned by a thread: None

Heap address: 0x0000000081600000, size: 2026 MB, Compressed Oops mode: 32-bit
Narrow klass base: 0x0000000000000000, Narrow klass shift: 3
Compressed class space size: 1073741824 Address: 0x0000000100000000

Heap:
 garbage-first heap   total 131072K, used 2048K [0x0000000081600000, 0x0000000081700400, 0x0000000100000000)
  region size 1024K, 3 young (3072K), 0 survivors (0K)
 Metaspace       used 5318K, capacity 5376K, committed 5632K, reserved 1056768K
  class space    used 474K, capacity 492K, committed 512K, reserved 1048576K
Heap Regions: E=young(eden), S=young(survivor), O=old, HS=humongous(starts), HC=humongous(continues), CS=collection set, F=free, A=archive, TS=gc time stamp, AC=allocation context, TAMS=top-at-mark-start (previous, next)
|   0|0x0000000081600000, 0x0000000081600000, 0x0000000081700000|  0%| F|  |TS  0|AC  0|TAMS 0x0000000081600000, 0x0000000081600000|
|   1|0x0000000081700000, 0x0000000081700000, 0x0000000081800000|  0%| F|  |TS  0|AC  0|TAMS 0x0000000081700000, 0x0000000081700000|
|   2|0x0000000081800000, 0x0000000081800000, 0x0000000081900000|  0%| F|  |TS  0|AC  0|TAMS 0x0000000081800000, 0x0000000081800000|
|   3|0x0000000081900000, 0x0000000081900000, 0x0000000081a00000|  0%| F|  |TS  0|AC  0|TAMS 0x0000000081900000, 0x0000000081900000|
|   4|0x0000000081a00000, 0x0000000081a00000, 0x0000000081b00000|  0%| F|  |TS  0|AC  0|TAMS 0x0000000081a00000, 0x0000000081a00000|
|   5|0x0000000081b00000, 0x0000000081b00000, 0x0000000081c00000|  0%| F|  |TS  0|AC  0|TAMS 0x0000000081b00000, 0x0000000081b00000|
|   6|0x0000000081c00000, 0x0000000081c00000, 0x0000000081d00000|  0%| F|  |TS  0|AC  0|TAMS 0x0000000081c00000, 0x0000000081c00000|
|   7|0x0000000081d00000, 0x0000000081d00000, 0x0000000081e00000|  0%| F|  |TS  0|AC  0|TAMS 0x0000000081d00000, 0x0000000081d00000|
|   8|0x0000000081e00000, 0x0000000081e00000, 0x0000000081f00000|  0%| F|  |TS  0|AC  0|TAMS 0x0000000081e00000, 0x0000000081e00000|
|   9|0x0000000081f00000, 0x0000000081f00000, 0x0000000082000000|  0%| F|  |TS  0|AC  0|TAMS 0x0000000081f00000, 0x0000000081f00000|
|  10|0x0000000082000000, 0x0000000082000000, 0x0000000082100000|  0%| F|  |TS  0|AC  0|TAMS 0x0000000082000000, 0x0000000082000000|
|  11|0x0000000082100000, 0x0000000082100000, 0x0000000082200000|  0%| F|  |TS  0|AC  0|TAMS 0x0000000082100000, 0x0000000082100000|
|  12|0x0000000082200000, 0x0000000082200000, 0x0000000082300000|  0%| F|  |TS  0|AC  0|TAMS 0x0000000082200000, 0x0000000082200000|
|  13|0x0000000082300000, 0x0000000082300000, 0x0000000082400000|  0%| F|  |TS  0|AC  0|TAMS 0x0000000082300000, 0x0000000082300000|
|  14|0x0000000082400000, 0x0000000082400000, 0x0000000082500000|  0%| F|  |TS  0|AC  0|TAMS 0x0000000082400000, 0x0000000082400000|
|  15|0x0000000082500000, 0x0000000082500000, 0x0000000082600000|  0%| F|  |TS  0|AC  0|TAMS 0x0000000082500000, 0x0000000082500000|
|  16|0x0000000082600000, 0x0000000082600000, 0x0000000082700000|  0%| F|  |TS  0|AC  0|TAMS 0x0000000082600000, 0x0000000082600000|
|  17|0x0000000082700000, 0x0000000082700000, 0x0000000082800000|  0%| F|  |TS  0|AC  0|TAMS 0x0000000082700000, 0x0000000082700000|
|  18|0x0000000082800000, 0x0000000082800000, 0x0000000082900000|  0%| F|  |TS  0|AC  0|TAMS 0x0000000082800000, 0x0000000082800000|
|  19|0x0000000082900000, 0x0000000082900000, 0x0000000082a00000|  0%| F|  |TS  0|AC  0|TAMS 0x0000000082900000, 0x0000000082900000|
|  20|0x0000000082a00000, 0x0000000082a00000, 0x0000000082b00000|  0%| F|  |TS  0|AC  0|TAMS 0x0000000082a00000, 0x0000000082a00000|
|  21|0x0000000082b00000, 0x0000000082b00000, 0x0000000082c00000|  0%| F|  |TS  0|AC  0|TAMS 0x0000000082b00000, 0x0000000082b00000|
|  22|0x0000000082c00000, 0x0000000082c00000, 0x0000000082d00000|  0%| F|  |TS  0|AC  0|TAMS 0x0000000082c00000, 0x0000000082c00000|
|  23|0x0000000082d00000, 0x0000000082d00000, 0x0000000082e00000|  0%| F|  |TS  0|AC  0|TAMS 0x0000000082d00000, 0x0000000082d00000|
|  24|0x0000000082e00000, 0x0000000082e00000, 0x0000000082f00000|  0%| F|  |TS  0|AC  0|TAMS 0x0000000082e00000, 0x0000000082e00000|
|  25|0x0000000082f00000, 0x0000000082f00000, 0x0000000083000000|  0%| F|  |TS  0|AC  0|TAMS 0x0000000082f00000, 0x0000000082f00000|
|  26|0x0000000083000000, 0x0000000083000000, 0x0000000083100000|  0%| F|  |TS  0|AC  0|TAMS 0x0000000083000000, 0x0000000083000000|
|  27|0x0000000083100000, 0x0000000083100000, 0x0000000083200000|  0%| F|  |TS  0|AC  0|TAMS 0x0000000083100000, 0x0000000083100000|
|  28|0x0000000083200000, 0x0000000083200000, 0x0000000083300000|  0%| F|  |TS  0|AC  0|TAMS 0x0000000083200000, 0x0000000083200000|
|  29|0x0000000083300000, 0x0000000083300000, 0x0000000083400000|  0%| F|  |TS  0|AC  0|TAMS 0x0000000083300000, 0x0000000083300000|
|  30|0x0000000083400000, 0x0000000083400000, 0x0000000083500000|  0%| F|  |TS  0|AC  0|TAMS 0x0000000083400000, 0x0000000083400000|
|  31|0x0000000083500000, 0x0000000083500000, 0x0000000083600000|  0%| F|  |TS  0|AC  0|TAMS 0x0000000083500000, 0x0000000083500000|
|  32|0x0000000083600000, 0x0000000083600000, 0x0000000083700000|  0%| F|  |TS  0|AC  0|TAMS 0x0000000083600000, 0x0000000083600000|
|  33|0x0000000083700000, 0x0000000083700000, 0x0000000083800000|  0%| F|  |TS  0|AC  0|TAMS 0x0000000083700000, 0x0000000083700000|
|  34|0x0000000083800000, 0x0000000083800000, 0x0000000083900000|  0%| F|  |TS  0|AC  0|TAMS 0x0000000083800000, 0x0000000083800000|
|  35|0x0000000083900000, 0x0000000083900000, 0x0000000083a00000|  0%| F|  |TS  0|AC  0|TAMS 0x0000000083900000, 0x0000000083900000|
|  36|0x0000000083a00000, 0x0000000083a00000, 0x0000000083b00000|  0%| F|  |TS  0|AC  0|TAMS 0x0000000083a00000, 0x0000000083a00000|
|  37|0x0000000083b00000, 0x0000000083b00000, 0x0000000083c00000|  0%| F|  |TS  0|AC  0|TAMS 0x0000000083b00000, 0x0000000083b00000|
|  38|0x0000000083c00000, 0x0000000083c00000, 0x0000000083d00000|  0%| F|  |TS  0|AC  0|TAMS 0x0000000083c00000, 0x0000000083c00000|
|  39|0x0000000083d00000, 0x0000000083d00000, 0x0000000083e00000|  0%| F|  |TS  0|AC  0|TAMS 0x0000000083d00000, 0x0000000083d00000|
|  40|0x0000000083e00000, 0x0000000083e00000, 0x0000000083f00000|  0%| F|  |TS  0|AC  0|TAMS 0x0000000083e00000, 0x0000000083e00000|
|  41|0x0000000083f00000, 0x0000000083f00000, 0x0000000084000000|  0%| F|  |TS  0|AC  0|TAMS 0x0000000083f00000, 0x0000000083f00000|
|  42|0x0000000084000000, 0x0000000084000000, 0x0000000084100000|  0%| F|  |TS  0|AC  0|TAMS 0x0000000084000000, 0x0000000084000000|
|  43|0x0000000084100000, 0x0000000084100000, 0x0000000084200000|  0%| F|  |TS  0|AC  0|TAMS 0x0000000084100000, 0x0000000084100000|
|  44|0x0000000084200000, 0x0000000084200000, 0x0000000084300000|  0%| F|  |TS  0|AC  0|TAMS 0x0000000084200000, 0x0000000084200000|
|  45|0x0000000084300000, 0x0000000084300000, 0x0000000084400000|  0%| F|  |TS  0|AC  0|TAMS 0x0000000084300000, 0x0000000084300000|
|  46|0x0000000084400000, 0x0000000084400000, 0x0000000084500000|  0%| F|  |TS  0|AC  0|TAMS 0x0000000084400000, 0x0000000084400000|
|  47|0x0000000084500000, 0x0000000084500000, 0x0000000084600000|  0%| F|  |TS  0|AC  0|TAMS 0x0000000084500000, 0x0000000084500000|
|  48|0x0000000084600000, 0x0000000084600000, 0x0000000084700000|  0%| F|  |TS  0|AC  0|TAMS 0x0000000084600000, 0x0000000084600000|
|  49|0x0000000084700000, 0x0000000084700000, 0x0000000084800000|  0%| F|  |TS  0|AC  0|TAMS 0x0000000084700000, 0x0000000084700000|
|  50|0x0000000084800000, 0x0000000084800000, 0x0000000084900000|  0%| F|  |TS  0|AC  0|TAMS 0x0000000084800000, 0x0000000084800000|
|  51|0x0000000084900000, 0x0000000084900000, 0x0000000084a00000|  0%| F|  |TS  0|AC  0|TAMS 0x0000000084900000, 0x0000000084900000|
|  52|0x0000000084a00000, 0x0000000084a00000, 0x0000000084b00000|  0%| F|  |TS  0|AC  0|TAMS 0x0000000084a00000, 0x0000000084a00000|
|  53|0x0000000084b00000, 0x0000000084b00000, 0x0000000084c00000|  0%| F|  |TS  0|AC  0|TAMS 0x0000000084b00000, 0x0000000084b00000|
|  54|0x0000000084c00000, 0x0000000084c00000, 0x0000000084d00000|  0%| F|  |TS  0|AC  0|TAMS 0x0000000084c00000, 0x0000000084c00000|
|  55|0x0000000084d00000, 0x0000000084d00000, 0x0000000084e00000|  0%| F|  |TS  0|AC  0|TAMS 0x0000000084d00000, 0x0000000084d00000|
|  56|0x0000000084e00000, 0x0000000084e00000, 0x0000000084f00000|  0%| F|  |TS  0|AC  0|TAMS 0x0000000084e00000, 0x0000000084e00000|
|  57|0x0000000084f00000, 0x0000000084f00000, 0x0000000085000000|  0%| F|  |TS  0|AC  0|TAMS 0x0000000084f00000, 0x0000000084f00000|
|  58|0x0000000085000000, 0x0000000085000000, 0x0000000085100000|  0%| F|  |TS  0|AC  0|TAMS 0x0000000085000000, 0x0000000085000000|
|  59|0x0000000085100000, 0x0000000085100000, 0x0000000085200000|  0%| F|  |TS  0|AC  0|TAMS 0x0000000085100000, 0x0000000085100000|
|  60|0x0000000085200000, 0x0000000085200000, 0x0000000085300000|  0%| F|  |TS  0|AC  0|TAMS 0x0000000085200000, 0x0000000085200000|
|  61|0x0000000085300000, 0x0000000085300000, 0x0000000085400000|  0%| F|  |TS  0|AC  0|TAMS 0x0000000085300000, 0x0000000085300000|
|  62|0x0000000085400000, 0x0000000085400000, 0x0000000085500000|  0%| F|  |TS  0|AC  0|TAMS 0x0000000085400000, 0x0000000085400000|
|  63|0x0000000085500000, 0x0000000085500000, 0x0000000085600000|  0%| F|  |TS  0|AC  0|TAMS 0x0000000085500000, 0x0000000085500000|
|  64|0x0000000085600000, 0x0000000085600000, 0x0000000085700000|  0%| F|  |TS  0|AC  0|TAMS 0x0000000085600000, 0x0000000085600000|
|  65|0x0000000085700000, 0x0000000085700000, 0x0000000085800000|  0%| F|  |TS  0|AC  0|TAMS 0x0000000085700000, 0x0000000085700000|
|  66|0x0000000085800000, 0x0000000085800000, 0x0000000085900000|  0%| F|  |TS  0|AC  0|TAMS 0x0000000085800000, 0x0000000085800000|
|  67|0x0000000085900000, 0x0000000085900000, 0x0000000085a00000|  0%| F|  |TS  0|AC  0|TAMS 0x0000000085900000, 0x0000000085900000|
|  68|0x0000000085a00000, 0x0000000085a00000, 0x0000000085b00000|  0%| F|  |TS  0|AC  0|TAMS 0x0000000085a00000, 0x0000000085a00000|
|  69|0x0000000085b00000, 0x0000000085b00000, 0x0000000085c00000|  0%| F|  |TS  0|AC  0|TAMS 0x0000000085b00000, 0x0000000085b00000|
|  70|0x0000000085c00000, 0x0000000085c00000, 0x0000000085d00000|  0%| F|  |TS  0|AC  0|TAMS 0x0000000085c00000, 0x0000000085c00000|
|  71|0x0000000085d00000, 0x0000000085d00000, 0x0000000085e00000|  0%| F|  |TS  0|AC  0|TAMS 0x0000000085d00000, 0x0000000085d00000|
|  72|0x0000000085e00000, 0x0000000085e00000, 0x0000000085f00000|  0%| F|  |TS  0|AC  0|TAMS 0x0000000085e00000, 0x0000000085e00000|
|  73|0x0000000085f00000, 0x0000000085f00000, 0x0000000086000000|  0%| F|  |TS  0|AC  0|TAMS 0x0000000085f00000, 0x0000000085f00000|
|  74|0x0000000086000000, 0x0000000086000000, 0x0000000086100000|  0%| F|  |TS  0|AC  0|TAMS 0x0000000086000000, 0x0000000086000000|
|  75|0x0000000086100000, 0x0000000086100000, 0x0000000086200000|  0%| F|  |TS  0|AC  0|TAMS 0x0000000086100000, 0x0000000086100000|
|  76|0x0000000086200000, 0x0000000086200000, 0x0000000086300000|  0%| F|  |TS  0|AC  0|TAMS 0x0000000086200000, 0x0000000086200000|
|  77|0x0000000086300000, 0x0000000086300000, 0x0000000086400000|  0%| F|  |TS  0|AC  0|TAMS 0x0000000086300000, 0x0000000086300000|
|  78|0x0000000086400000, 0x0000000086400000, 0x0000000086500000|  0%| F|  |TS  0|AC  0|TAMS 0x0000000086400000, 0x0000000086400000|
|  79|0x0000000086500000, 0x0000000086500000, 0x0000000086600000|  0%| F|  |TS  0|AC  0|TAMS 0x0000000086500000, 0x0000000086500000|
|  80|0x0000000086600000, 0x0000000086600000, 0x0000000086700000|  0%| F|  |TS  0|AC  0|TAMS 0x0000000086600000, 0x0000000086600000|
|  81|0x0000000086700000, 0x0000000086700000, 0x0000000086800000|  0%| F|  |TS  0|AC  0|TAMS 0x0000000086700000, 0x0000000086700000|
|  82|0x0000000086800000, 0x0000000086800000, 0x0000000086900000|  0%| F|  |TS  0|AC  0|TAMS 0x0000000086800000, 0x0000000086800000|
|  83|0x0000000086900000, 0x0000000086900000, 0x0000000086a00000|  0%| F|  |TS  0|AC  0|TAMS 0x0000000086900000, 0x0000000086900000|
|  84|0x0000000086a00000, 0x0000000086a00000, 0x0000000086b00000|  0%| F|  |TS  0|AC  0|TAMS 0x0000000086a00000, 0x0000000086a00000|
|  85|0x0000000086b00000, 0x0000000086b00000, 0x0000000086c00000|  0%| F|  |TS  0|AC  0|TAMS 0x0000000086b00000, 0x0000000086b00000|
|  86|0x0000000086c00000, 0x0000000086c00000, 0x0000000086d00000|  0%| F|  |TS  0|AC  0|TAMS 0x0000000086c00000, 0x0000000086c00000|
|  87|0x0000000086d00000, 0x0000000086d00000, 0x0000000086e00000|  0%| F|  |TS  0|AC  0|TAMS 0x0000000086d00000, 0x0000000086d00000|
|  88|0x0000000086e00000, 0x0000000086e00000, 0x0000000086f00000|  0%| F|  |TS  0|AC  0|TAMS 0x0000000086e00000, 0x0000000086e00000|
|  89|0x0000000086f00000, 0x0000000086f00000, 0x0000000087000000|  0%| F|  |TS  0|AC  0|TAMS 0x0000000086f00000, 0x0000000086f00000|
|  90|0x0000000087000000, 0x0000000087000000, 0x0000000087100000|  0%| F|  |TS  0|AC  0|TAMS 0x0000000087000000, 0x0000000087000000|
|  91|0x0000000087100000, 0x0000000087100000, 0x0000000087200000|  0%| F|  |TS  0|AC  0|TAMS 0x0000000087100000, 0x0000000087100000|
|  92|0x0000000087200000, 0x0000000087200000, 0x0000000087300000|  0%| F|  |TS  0|AC  0|TAMS 0x0000000087200000, 0x0000000087200000|
|  93|0x0000000087300000, 0x0000000087300000, 0x0000000087400000|  0%| F|  |TS  0|AC  0|TAMS 0x0000000087300000, 0x0000000087300000|
|  94|0x0000000087400000, 0x0000000087400000, 0x0000000087500000|  0%| F|  |TS  0|AC  0|TAMS 0x0000000087400000, 0x0000000087400000|
|  95|0x0000000087500000, 0x0000000087500000, 0x0000000087600000|  0%| F|  |TS  0|AC  0|TAMS 0x0000000087500000, 0x0000000087500000|
|  96|0x0000000087600000, 0x0000000087600000, 0x0000000087700000|  0%| F|  |TS  0|AC  0|TAMS 0x0000000087600000, 0x0000000087600000|
|  97|0x0000000087700000, 0x0000000087700000, 0x0000000087800000|  0%| F|  |TS  0|AC  0|TAMS 0x0000000087700000, 0x0000000087700000|
|  98|0x0000000087800000, 0x0000000087800000, 0x0000000087900000|  0%| F|  |TS  0|AC  0|TAMS 0x0000000087800000, 0x0000000087800000|
|  99|0x0000000087900000, 0x0000000087900000, 0x0000000087a00000|  0%| F|  |TS  0|AC  0|TAMS 0x0000000087900000, 0x0000000087900000|
| 100|0x0000000087a00000, 0x0000000087a00000, 0x0000000087b00000|  0%| F|  |TS  0|AC  0|TAMS 0x0000000087a00000, 0x0000000087a00000|
| 101|0x0000000087b00000, 0x0000000087b00000, 0x0000000087c00000|  0%| F|  |TS  0|AC  0|TAMS 0x0000000087b00000, 0x0000000087b00000|
| 102|0x0000000087c00000, 0x0000000087c00000, 0x0000000087d00000|  0%| F|  |TS  0|AC  0|TAMS 0x0000000087c00000, 0x0000000087c00000|
| 103|0x0000000087d00000, 0x0000000087d00000, 0x0000000087e00000|  0%| F|  |TS  0|AC  0|TAMS 0x0000000087d00000, 0x0000000087d00000|
| 104|0x0000000087e00000, 0x0000000087e00000, 0x0000000087f00000|  0%| F|  |TS  0|AC  0|TAMS 0x0000000087e00000, 0x0000000087e00000|
| 105|0x0000000087f00000, 0x0000000087f00000, 0x0000000088000000|  0%| F|  |TS  0|AC  0|TAMS 0x0000000087f00000, 0x0000000087f00000|
| 106|0x0000000088000000, 0x0000000088000000, 0x0000000088100000|  0%| F|  |TS  0|AC  0|TAMS 0x0000000088000000, 0x0000000088000000|
| 107|0x0000000088100000, 0x0000000088100000, 0x0000000088200000|  0%| F|  |TS  0|AC  0|TAMS 0x0000000088100000, 0x0000000088100000|
| 108|0x0000000088200000, 0x0000000088200000, 0x0000000088300000|  0%| F|  |TS  0|AC  0|TAMS 0x0000000088200000, 0x0000000088200000|
| 109|0x0000000088300000, 0x0000000088300000, 0x0000000088400000|  0%| F|  |TS  0|AC  0|TAMS 0x0000000088300000, 0x0000000088300000|
| 110|0x0000000088400000, 0x0000000088400000, 0x0000000088500000|  0%| F|  |TS  0|AC  0|TAMS 0x0000000088400000, 0x0000000088400000|
| 111|0x0000000088500000, 0x0000000088500000, 0x0000000088600000|  0%| F|  |TS  0|AC  0|TAMS 0x0000000088500000, 0x0000000088500000|
| 112|0x0000000088600000, 0x0000000088600000, 0x0000000088700000|  0%| F|  |TS  0|AC  0|TAMS 0x0000000088600000, 0x0000000088600000|
| 113|0x0000000088700000, 0x0000000088700000, 0x0000000088800000|  0%| F|  |TS  0|AC  0|TAMS 0x0000000088700000, 0x0000000088700000|
| 114|0x0000000088800000, 0x0000000088800000, 0x0000000088900000|  0%| F|  |TS  0|AC  0|TAMS 0x0000000088800000, 0x0000000088800000|
| 115|0x0000000088900000, 0x0000000088900000, 0x0000000088a00000|  0%| F|  |TS  0|AC  0|TAMS 0x0000000088900000, 0x0000000088900000|
| 116|0x0000000088a00000, 0x0000000088a00000, 0x0000000088b00000|  0%| F|  |TS  0|AC  0|TAMS 0x0000000088a00000, 0x0000000088a00000|
| 117|0x0000000088b00000, 0x0000000088b00000, 0x0000000088c00000|  0%| F|  |TS  0|AC  0|TAMS 0x0000000088b00000, 0x0000000088b00000|
| 118|0x0000000088c00000, 0x0000000088c00000, 0x0000000088d00000|  0%| F|  |TS  0|AC  0|TAMS 0x0000000088c00000, 0x0000000088c00000|
| 119|0x0000000088d00000, 0x0000000088d00000, 0x0000000088e00000|  0%| F|  |TS  0|AC  0|TAMS 0x0000000088d00000, 0x0000000088d00000|
| 120|0x0000000088e00000, 0x0000000088e00000, 0x0000000088f00000|  0%| F|  |TS  0|AC  0|TAMS 0x0000000088e00000, 0x0000000088e00000|
| 121|0x0000000088f00000, 0x0000000088f00000, 0x0000000089000000|  0%| F|  |TS  0|AC  0|TAMS 0x0000000088f00000, 0x0000000088f00000|
| 122|0x0000000089000000, 0x0000000089000000, 0x0000000089100000|  0%| F|  |TS  0|AC  0|TAMS 0x0000000089000000, 0x0000000089000000|
| 123|0x0000000089100000, 0x0000000089100000, 0x0000000089200000|  0%| F|  |TS  0|AC  0|TAMS 0x0000000089100000, 0x0000000089100000|
| 124|0x0000000089200000, 0x0000000089200000, 0x0000000089300000|  0%| F|  |TS  0|AC  0|TAMS 0x0000000089200000, 0x0000000089200000|
| 125|0x0000000089300000, 0x0000000089400000, 0x0000000089400000|100%| E|  |TS  0|AC  0|TAMS 0x0000000089300000, 0x0000000089300000|
| 126|0x0000000089400000, 0x0000000089500000, 0x0000000089500000|100%| E|CS|TS  0|AC  0|TAMS 0x0000000089400000, 0x0000000089400000|
| 127|0x0000000089500000, 0x0000000089600000, 0x0000000089600000|100%| E|CS|TS  0|AC  0|TAMS 0x0000000089500000, 0x0000000089500000|

Card table byte_map: [0x000001ee79580000,0x000001ee79980000] byte_map_base: 0x000001ee79175000

Marking Bits (Prev, Next): (CMBitMap*) 0x000001ee5d94a240, (CMBitMap*) 0x000001ee5d94a278
 Prev Bits: [0x000001ee79d80000, 0x000001ee7bd28000)
 Next Bits: [0x000001ee7bd30000, 0x000001ee7dcd8000)

Polling page: 0x000001ee5d780000

CodeHeap 'non-profiled nmethods': size=120064Kb used=50Kb max_used=50Kb free=120013Kb
 bounds [0x000001ee71210000, 0x000001ee71480000, 0x000001ee78750000]
CodeHeap 'profiled nmethods': size=120000Kb used=246Kb max_used=246Kb free=119753Kb
 bounds [0x000001ee69ce0000, 0x000001ee69f50000, 0x000001ee71210000]
CodeHeap 'non-nmethods': size=5696Kb used=1176Kb max_used=1183Kb free=4519Kb
 bounds [0x000001ee69750000, 0x000001ee699c0000, 0x000001ee69ce0000]
 total_blobs=563 nmethods=190 adapters=220
 compilation: enabled

Compilation events (10 events):
Event: 0.273 Thread 0x000001ee00c7e800 nmethod 184 0x000001ee69d1ba10 code [0x000001ee69d1bc20, 0x000001ee69d1c180]
Event: 0.273 Thread 0x000001ee00c7e800  187       3       java.util.AbstractMap::<init> (5 bytes)
Event: 0.273 Thread 0x000001ee00c7e800 nmethod 187 0x000001ee69d1c390 code [0x000001ee69d1c540, 0x000001ee69d1c6f8]
Event: 0.273 Thread 0x000001ee00318000 nmethod 186 0x000001ee7121c890 code [0x000001ee7121ca20, 0x000001ee7121ca98]
Event: 0.300 Thread 0x000001ee00c7e800  188       3       jdk.internal.math.FDBigInteger::mult (64 bytes)
Event: 0.301 Thread 0x000001ee00c7e800 nmethod 188 0x000001ee69d1c790 code [0x000001ee69d1c960, 0x000001ee69d1cbf8]
Event: 0.301 Thread 0x000001ee00c7e800  189       3       jdk.internal.math.FDBigInteger::<init> (30 bytes)
Event: 0.301 Thread 0x000001ee00c7e800 nmethod 189 0x000001ee69d1ce10 code [0x000001ee69d1cfe0, 0x000001ee69d1d250]
Event: 0.301 Thread 0x000001ee00c7e800  190       3       jdk.internal.math.FDBigInteger::trimLeadingZeros (57 bytes)
Event: 0.302 Thread 0x000001ee00c7e800 nmethod 190 0x000001ee69d1d390 code [0x000001ee69d1d560, 0x000001ee69d1d898]

GC Heap History (0 events):
No events

Deoptimization events (1 events):
Event: 0.263 Thread 0x000001ee00f75000 Uncommon trap: reason=unstable_if action=reinterpret pc=0x000001ee7121b918 method=java.lang.String.charAt(I)C @ 4 c2

Classes redefined (0 events):
No events

Internal exceptions (1 events):
Event: 17.753 Thread 0x000001ee5d8a6000 Exception <a 'java/lang/NoSuchMethodError'{0x00000000893cbb28}: multi04> (0x00000000893cbb28) thrown at [t:/workspace/hotspot/src/share/vm/prims/jni.cpp, line 1331]

Events (10 events):
Event: 0.299 loading class jdk/internal/math/FloatingDecimal$ASCIIToBinaryConverter done
Event: 0.299 loading class jdk/internal/math/FloatingDecimal$PreparedASCIIToBinaryBuffer done
Event: 0.299 loading class jdk/internal/math/FDBigInteger
Event: 0.300 loading class jdk/internal/math/FDBigInteger done
Event: 4.317 Executing VM operation: EnableBiasedLocking
Event: 4.317 Executing VM operation: EnableBiasedLocking done
Event: 17.752 loading class java/lang/NoSuchMethodError
Event: 17.753 loading class java/lang/IncompatibleClassChangeError
Event: 17.753 loading class java/lang/IncompatibleClassChangeError done
Event: 17.753 loading class java/lang/NoSuchMethodError done


Dynamic libraries:
0x00007ff74f1c0000 - 0x00007ff74f1fe000 	C:\Program Files\Java\jdk-9.0.4\bin\java.exe
0x00007ffe91960000 - 0x00007ffe91b41000 	C:\WINDOWS\SYSTEM32\ntdll.dll
0x00007ffe8f2c0000 - 0x00007ffe8f372000 	C:\WINDOWS\System32\KERNEL32.DLL
0x00007ffe8e6e0000 - 0x00007ffe8e953000 	C:\WINDOWS\System32\KERNELBASE.dll
0x00007ffe8ff00000 - 0x00007ffe8ffa1000 	C:\WINDOWS\System32\ADVAPI32.dll
0x00007ffe8f6d0000 - 0x00007ffe8f76e000 	C:\WINDOWS\System32\msvcrt.dll
0x00007ffe901e0000 - 0x00007ffe9023b000 	C:\WINDOWS\System32\sechost.dll
0x00007ffe8f190000 - 0x00007ffe8f2b4000 	C:\WINDOWS\System32\RPCRT4.dll
0x00007ffe8fc20000 - 0x00007ffe8fdb0000 	C:\WINDOWS\System32\USER32.dll
0x00007ffe8edd0000 - 0x00007ffe8edf0000 	C:\WINDOWS\System32\win32u.dll
0x00007ffe8fe20000 - 0x00007ffe8fe48000 	C:\WINDOWS\System32\GDI32.dll
0x00007ffe8e540000 - 0x00007ffe8e6d2000 	C:\WINDOWS\System32\gdi32full.dll
0x00007ffe8ec80000 - 0x00007ffe8ed1f000 	C:\WINDOWS\System32\msvcp_win.dll
0x00007ffe8e440000 - 0x00007ffe8e53a000 	C:\WINDOWS\System32\ucrtbase.dll
0x00007ffe81610000 - 0x00007ffe81879000 	C:\WINDOWS\WinSxS\amd64_microsoft.windows.common-controls_6595b64144ccf1df_6.0.17134.48_none_b4b2216a3cb4dd3e\COMCTL32.dll
0x00007ffe7c420000 - 0x00007ffe7c42a000 	C:\WINDOWS\SYSTEM32\VERSION.dll
0x00007ffe8ee00000 - 0x00007ffe8f123000 	C:\WINDOWS\System32\combase.dll
0x00007ffe8e9b0000 - 0x00007ffe8ea2a000 	C:\WINDOWS\System32\bcryptPrimitives.dll
0x00007ffe8f380000 - 0x00007ffe8f3ad000 	C:\WINDOWS\System32\IMM32.DLL
0x00007ffe758e0000 - 0x00007ffe759cf000 	C:\Program Files\Java\jdk-9.0.4\bin\msvcr120.dll
0x00007ffe7a7b0000 - 0x00007ffe7a856000 	C:\Program Files\Java\jdk-9.0.4\bin\msvcp120.dll
0x00000000662a0000 - 0x0000000066cc5000 	C:\Program Files\Java\jdk-9.0.4\bin\server\jvm.dll
0x00007ffe8edf0000 - 0x00007ffe8edf8000 	C:\WINDOWS\System32\PSAPI.DLL
0x00007ffe77ae0000 - 0x00007ffe77ae9000 	C:\WINDOWS\SYSTEM32\WSOCK32.dll
0x00007ffe8fdb0000 - 0x00007ffe8fe1c000 	C:\WINDOWS\System32\WS2_32.dll
0x00007ffe8a440000 - 0x00007ffe8a463000 	C:\WINDOWS\SYSTEM32\WINMM.dll
0x00007ffe8a410000 - 0x00007ffe8a43a000 	C:\WINDOWS\SYSTEM32\WINMMBASE.dll
0x00007ffe8e960000 - 0x00007ffe8e9a9000 	C:\WINDOWS\System32\cfgmgr32.dll
0x00007ffe8a9a0000 - 0x00007ffe8a9af000 	C:\Program Files\Java\jdk-9.0.4\bin\verify.dll
0x00007ffe81b30000 - 0x00007ffe81b57000 	C:\Program Files\Java\jdk-9.0.4\bin\java.dll
0x00007ffe7e540000 - 0x00007ffe7e56a000 	C:\Program Files\Java\jdk-9.0.4\bin\instrument.dll
0x00007ffe84de0000 - 0x00007ffe84df6000 	C:\Program Files\Java\jdk-9.0.4\bin\zip.dll
0x00007ffe8a990000 - 0x00007ffe8a99a000 	C:\Program Files\Java\jdk-9.0.4\bin\jimage.dll
0x00007ffe90240000 - 0x00007ffe91680000 	C:\WINDOWS\System32\SHELL32.dll
0x00007ffe8f550000 - 0x00007ffe8f5f9000 	C:\WINDOWS\System32\shcore.dll
0x00007ffe8dd30000 - 0x00007ffe8e43d000 	C:\WINDOWS\System32\windows.storage.dll
0x00007ffe8f130000 - 0x00007ffe8f181000 	C:\WINDOWS\System32\shlwapi.dll
0x00007ffe8dc80000 - 0x00007ffe8dc91000 	C:\WINDOWS\System32\kernel.appcore.dll
0x00007ffe8dca0000 - 0x00007ffe8dcbf000 	C:\WINDOWS\System32\profapi.dll
0x00007ffe8dcc0000 - 0x00007ffe8dd0c000 	C:\WINDOWS\System32\powrprof.dll
0x00007ffe8dc70000 - 0x00007ffe8dc7a000 	C:\WINDOWS\System32\FLTLIB.DLL
0x00007ffe80800000 - 0x00007ffe8081a000 	C:\Program Files\Java\jdk-9.0.4\bin\net.dll
0x00007ffe89cc0000 - 0x00007ffe89d9d000 	C:\WINDOWS\SYSTEM32\WINHTTP.dll
0x00007ffe8d4f0000 - 0x00007ffe8d556000 	C:\WINDOWS\system32\mswsock.dll
0x00007ffe7f580000 - 0x00007ffe7f591000 	C:\Program Files\Java\jdk-9.0.4\bin\nio.dll
0x00007ffe7f4e0000 - 0x00007ffe7f4fa000 	C:\Users\Student226123\AppData\Local\JetBrains\Toolbox\apps\IDEA-U\ch-0\181.4892.42\bin\breakgen64.dll
0x0000000062b40000 - 0x0000000062b80000 	C:\Program Files\Java\jdk-9.0.4\bin\Scalar.dll
0x00007ffe77910000 - 0x00007ffe77ad9000 	C:\WINDOWS\SYSTEM32\dbghelp.dll

VM Arguments:
jvm_args: -javaagent:C:\Users\Student226123\AppData\Local\JetBrains\Toolbox\apps\IDEA-U\ch-0\181.4892.42\lib\idea_rt.jar=5977:C:\Users\Student226123\AppData\Local\JetBrains\Toolbox\apps\IDEA-U\ch-0\181.4892.42\bin -Dfile.encoding=UTF-8 
java_command: Scalar.ScalarMain
java_class_path (initial): C:\Users\Student226123\Desktop\zajecia\ProgramowanieJava\ProgramowanieJavaLab11\target\classes
Launcher Type: SUN_STANDARD

Logging:
Log output configuration:
#0: stdout all=warning uptime,level,tags
#1: stderr all=off uptime,level,tags

Environment Variables:
JAVA_HOME=C:\Program Files\Java\jdk-9.0.4\bin
PATH=C:\ProgramData\Oracle\Java\javapath;C:\Program Files (x86)\IntelSWTools\compilers_and_libraries_2018.2.185\windows\mpi\intel64\bin;C:\Program Files (x86)\Common Files\Intel\Shared Libraries\redist\intel64_win\mpirt;C:\Program Files (x86)\Common Files\Intel\Shared Libraries\redist\ia32_win\mpirt;C:\Program Files (x86)\Common Files\Intel\Shared Libraries\redist\intel64_win\compiler;C:\Program Files (x86)\Common Files\Intel\Shared Libraries\redist\ia32_win\compiler;C:\Program Files (x86)\Intel\iCLS Client\;C:\Program Files\Intel\iCLS Client\;C:\Program Files\Java\jdk-9.0.4\bin\bin;C:\WINDOWS\system32;C:\WINDOWS;C:\WINDOWS\System32\Wbem;C:\WINDOWS\System32\WindowsPowerShell\v1.0\;C:\Program Files\Intel\WiFi\bin\;C:\Program Files\Common Files\Intel\WirelessCommon\;C:\Program Files\dotnet\;C:\Program Files\Intel\Intel(R) Management Engine Components\DAL;C:\Program Files\Intel\Intel(R) Management Engine Components\IPT;C:\Program Files (x86)\Intel\Intel(R) Management Engine Components\DAL;C:\Program Files (x86)\Intel\Intel(R) Management Engine Components\IPT;%USERPROFILE%\.dnx\bin;C:\Program Files\Microsoft DNX\Dnvm\;C:\Program Files\Microsoft SQL Server\120\Tools\Binn\;C:\Program Files\Microsoft SQL Server\130\Tools\Binn\;C:\Program Files\nodejs\;C:\Program Files\Dell\Dell Data Protection\Drivers\TSS\bin\;C:\WINDOWS\System32\OpenSSH\;C:\gccComp\x86_64-w64-mingw32-gcc-4.8.0-win64_rubenvb\mingw64\bin\libstdc++-6.dll;C:\Users\Student226123\Desktop\zajecia\ProgramowanieJava\ProgramowanieJavaLab11\src\main\java\NativeTest;C:\Program Files (x86)\Microsoft Visual Studio 14.0\Common7\Tools;C:\Users\Student226123\AppData\Local\Programs\Python\Python36\Scripts\;C:\Users\Student226123\AppData\Local\Programs\Python\Python36\;C:\Users\Student226123\AppData\Local\Microsoft\WindowsApps;C:\Users\Student226123\AppData\Roaming\npm;C:\Program Files\Microsoft VS Code\bin
USERNAME=Student226123
OS=Windows_NT
PROCESSOR_IDENTIFIER=Intel64 Family 6 Model 69 Stepping 1, GenuineIntel



---------------  S Y S T E M  ---------------

OS: Windows 10 , 64 bit Build 17134 (10.0.17134.1)

CPU:total 4 (initial active 4) (2 cores per cpu, 2 threads per core) family 6 model 69 stepping 1, cmov, cx8, fxsr, mmx, sse, sse2, sse3, ssse3, sse4.1, sse4.2, popcnt, avx, avx2, aes, clmul, erms, lzcnt, ht, tsc, tscinvbit, bmi1, bmi2, fma

Memory: 4k page, physical 8291688k(2115748k free), swap 10514428k(1488716k free)

vm_info: Java HotSpot(TM) 64-Bit Server VM (9.0.4+11) for windows-amd64 JRE (9.0.4+11), built on Dec 20 2017 02:18:54 by "mach5one" with MS VC++ 12.0 (VS2013)

END.
