#
# A fatal error has been detected by the Java Runtime Environment:
#
#  EXCEPTION_ACCESS_VIOLATION (0xc0000005) at pc=0x000000006661b2f9, pid=7300, tid=11324
#
# JRE version: Java(TM) SE Runtime Environment (9.0+11) (build 9.0.4+11)
# Java VM: Java HotSpot(TM) 64-Bit Server VM (9.0.4+11, mixed mode, tiered, compressed oops, g1 gc, windows-amd64)
# Problematic frame:
# V  [jvm.dll+0x37b2f9]
#
# No core dump will be written. Minidumps are not enabled by default on client versions of Windows
#
# If you would like to submit a bug report, please visit:
#   http://bugreport.java.com/bugreport/crash.jsp
#

---------------  S U M M A R Y ------------

Command Line: -javaagent:C:\Users\Student226123\AppData\Local\JetBrains\Toolbox\apps\IDEA-U\ch-0\181.4892.42\lib\idea_rt.jar=5407:C:\Users\Student226123\AppData\Local\JetBrains\Toolbox\apps\IDEA-U\ch-0\181.4892.42\bin -Dfile.encoding=UTF-8 Scalar.ScalarMain

Host: Intel(R) Core(TM) i5-4300U CPU @ 1.90GHz, 4 cores, 7G,  Windows 10 , 64 bit Build 17134 (10.0.17134.1)
Time: Mon May 21 15:23:52 2018 Central European Daylight Time elapsed time: 0 seconds (0d 0h 0m 0s)

---------------  T H R E A D  ---------------

Current thread (0x000001e7649f8000):  JavaThread "main" [_thread_in_vm, id=11324, stack(0x00000038c4c00000,0x00000038c4d00000)]

Stack: [0x00000038c4c00000,0x00000038c4d00000],  sp=0x00000038c4cff2e0,  free space=1020k
Native frames: (J=compiled Java code, j=interpreted, Vv=VM code, C=native code)
V  [jvm.dll+0x37b2f9]
C  [Scalar.dll+0x153d]
C  0x000001e7709c921c

Java frames: (J=compiled Java code, j=interpreted, Vv=VM code)
j  Scalar.ScalarMain.multi01([Ljava/lang/Double;[Ljava/lang/Double;)D+0
j  Scalar.ScalarMain.main([Ljava/lang/String;)V+76
v  ~StubRoutines::call_stub

siginfo: EXCEPTION_ACCESS_VIOLATION (0xc0000005), reading address 0x0000000000000000


Register to memory mapping:

RIP=0x000000006661b2f9 jvm.dll
RAX=0x0000000000000000 is an unknown value
RBX=0x000001e7649f8000 is a thread
RCX=0x000001e7649f8000 is a thread
RDX=0x0000000089370230 is an oop
java.lang.NoSuchMethodError 
{0x0000000089370230} - klass: 'java/lang/NoSuchMethodError'
RSP=0x00000038c4cff2e0 is pointing into the stack for thread: 0x000001e7649f8000
RBP=0x00000038c4cff3e8 is pointing into the stack for thread: 0x000001e7649f8000
RSI=0x000001e707dbc4a8 is an unknown value
RDI=0x000001e7649f8218 is an unknown value
R8 =0x0000000000000000 is an unknown value
R9 =0x0000000000000553 is an unknown value
R10=0x000001e7649f8000 is a thread
R11=0x0000000000000200 is an unknown value
R12=0x0000000000000000 is an unknown value
R13={method} {0x000001e7079d52c0} 'multi01' '([Ljava/lang/Double;[Ljava/lang/Double;)D' in 'Scalar/ScalarMain'
R14=0x00000038c4cff510 is pointing into the stack for thread: 0x000001e7649f8000
R15=0x000001e7649f8000 is a thread


Registers:
RAX=0x0000000000000000, RBX=0x000001e7649f8000, RCX=0x000001e7649f8000, RDX=0x0000000089370230
RSP=0x00000038c4cff2e0, RBP=0x00000038c4cff3e8, RSI=0x000001e707dbc4a8, RDI=0x000001e7649f8218
R8 =0x0000000000000000, R9 =0x0000000000000553, R10=0x000001e7649f8000, R11=0x0000000000000200
R12=0x0000000000000000, R13=0x000001e7079d52b8, R14=0x00000038c4cff510, R15=0x000001e7649f8000
RIP=0x000000006661b2f9, EFLAGS=0x0000000000010202

Top of Stack: (sp=0x00000038c4cff2e0)
0x00000038c4cff2e0:   0000000062b49016 0000000000000000
0x00000038c4cff2f0:   00000038c4cff508 0000000066858d25
0x00000038c4cff300:   00000038c4cff360 0000000066632350
0x00000038c4cff310:   000001e7649f8000 000001e7649f8218
0x00000038c4cff320:   00000038c4cff508 0000000000000007
0x00000038c4cff330:   0000000000000000 000001e7649f8000
0x00000038c4cff340:   000001e7649f1810 0000000000000553
0x00000038c4cff350:   0000000066a4f740 000001e7649f8218
0x00000038c4cff360:   000001e7649f8000 000001e7649f1810
0x00000038c4cff370:   000001e700000553 0000000066a4f740
0x00000038c4cff380:   000001e79f0be020 0000000000000000
0x00000038c4cff390:   0000000000000000 0000000000000000
0x00000038c4cff3a0:   00000038c4cff510 000001e7079d55d0
0x00000038c4cff3b0:   0000000020200021 00000038c4cff450
0x00000038c4cff3c0:   000001e7079d52b8 0000000062b4153d
0x00000038c4cff3d0:   000001e7079d52b8 00000038c4cff450 

Instructions: (pc=0x000000006661b2f9)
0x000000006661b2d9:   48 8b 84 24 00 01 00 00 c7 44 24 48 07 00 00 00
0x000000006661b2e9:   48 8d ac 24 08 01 00 00 0f 29 b4 24 b0 00 00 00
0x000000006661b2f9:   48 8b 08 48 89 6c 24 40 48 8b 51 08 48 8d 4c 24
0x000000006661b309:   78 0f b7 42 2c 48 8b 52 08 48 8b 54 c2 48 e8 54 



---------------  P R O C E S S  ---------------

Java Threads: ( => current thread )
  0x000001e708143000 JavaThread "Service Thread" daemon [_thread_blocked, id=6168, stack(0x00000038c6300000,0x00000038c6400000)]
  0x000001e708142000 JavaThread "Monitor Ctrl-Break" daemon [_thread_in_native, id=12476, stack(0x00000038c6200000,0x00000038c6300000)]
  0x000001e707f1a800 JavaThread "Common-Cleaner" daemon [_thread_blocked, id=11384, stack(0x00000038c6100000,0x00000038c6200000)]
  0x000001e707eee000 JavaThread "Sweeper thread" daemon [_thread_blocked, id=11088, stack(0x00000038c6000000,0x00000038c6100000)]
  0x000001e707ed7000 JavaThread "C1 CompilerThread2" daemon [_thread_blocked, id=9816, stack(0x00000038c5f00000,0x00000038c6000000)]
  0x000001e707e6a800 JavaThread "C2 CompilerThread1" daemon [_thread_blocked, id=11736, stack(0x00000038c5e00000,0x00000038c5f00000)]
  0x000001e707e66000 JavaThread "C2 CompilerThread0" daemon [_thread_blocked, id=8224, stack(0x00000038c5d00000,0x00000038c5e00000)]
  0x000001e707e63000 JavaThread "Attach Listener" daemon [_thread_blocked, id=12948, stack(0x00000038c5c00000,0x00000038c5d00000)]
  0x000001e707e62800 JavaThread "Signal Dispatcher" daemon [_thread_blocked, id=2340, stack(0x00000038c5b00000,0x00000038c5c00000)]
  0x000001e707e13800 JavaThread "Finalizer" daemon [_thread_blocked, id=9576, stack(0x00000038c5a00000,0x00000038c5b00000)]
  0x000001e707e09800 JavaThread "Reference Handler" daemon [_thread_blocked, id=3556, stack(0x00000038c5900000,0x00000038c5a00000)]
=>0x000001e7649f8000 JavaThread "main" [_thread_in_vm, id=11324, stack(0x00000038c4c00000,0x00000038c4d00000)]

Other Threads:
  0x000001e707e03000 VMThread "VM Thread" [stack: 0x00000038c5800000,0x00000038c5900000] [id=5736]
  0x000001e708171800 WatcherThread [stack: 0x00000038c6400000,0x00000038c6500000] [id=9828]
  0x000001e764a10800 GCTaskThread "GC Thread#0" [stack: 0x00000038c4d00000,0x00000038c4e00000] [id=3632]
  0x000001e764a13000 GCTaskThread "GC Thread#1" [stack: 0x00000038c4e00000,0x00000038c4f00000] [id=7412]
  0x000001e764a14800 GCTaskThread "GC Thread#2" [stack: 0x00000038c4f00000,0x00000038c5000000] [id=1160]
  0x000001e764a17800 GCTaskThread "GC Thread#3" [stack: 0x00000038c5000000,0x00000038c5100000] [id=7132]
  0x000001e764a88800 ConcurrentGCThread "G1 Main Marker" [stack: 0x00000038c5600000,0x00000038c5700000] [id=5084]
  0x000001e764a89800 ConcurrentGCThread "G1 Marker#0" [stack: 0x00000038c5700000,0x00000038c5800000] [id=10856]
  0x000001e764a20000 ConcurrentGCThread "G1 Refine#0" [stack: 0x00000038c5400000,0x00000038c5500000] [id=12684]
  0x000001e764a1e000 ConcurrentGCThread "G1 Refine#1" [stack: 0x00000038c5300000,0x00000038c5400000] [id=12468]
  0x000001e764a1c800 ConcurrentGCThread "G1 Refine#2" [stack: 0x00000038c5200000,0x00000038c5300000] [id=11360]
  0x000001e764a19000 ConcurrentGCThread "G1 Refine#3" [stack: 0x00000038c5100000,0x00000038c5200000] [id=3388]
  0x000001e764a21000 ConcurrentGCThread "G1 Young RemSet Sampling" [stack: 0x00000038c5500000,0x00000038c5600000] [id=4272]

Threads with active compile tasks:

VM state:not at safepoint (normal execution)

VM Mutex/Monitor currently owned by a thread: None

Heap address: 0x0000000081600000, size: 2026 MB, Compressed Oops mode: 32-bit
Narrow klass base: 0x0000000000000000, Narrow klass shift: 3
Compressed class space size: 1073741824 Address: 0x0000000100000000

Heap:
 garbage-first heap   total 131072K, used 2048K [0x0000000081600000, 0x0000000081700400, 0x0000000100000000)
  region size 1024K, 3 young (3072K), 0 survivors (0K)
 Metaspace       used 5254K, capacity 5316K, committed 5376K, reserved 1056768K
  class space    used 469K, capacity 492K, committed 512K, reserved 1048576K
Heap Regions: E=young(eden), S=young(survivor), O=old, HS=humongous(starts), HC=humongous(continues), CS=collection set, F=free, A=archive, TS=gc time stamp, AC=allocation context, TAMS=top-at-mark-start (previous, next)
|   0|0x0000000081600000, 0x0000000081600000, 0x0000000081700000|  0%| F|  |TS  0|AC  0|TAMS 0x0000000081600000, 0x0000000081600000|
|   1|0x0000000081700000, 0x0000000081700000, 0x0000000081800000|  0%| F|  |TS  0|AC  0|TAMS 0x0000000081700000, 0x0000000081700000|
|   2|0x0000000081800000, 0x0000000081800000, 0x0000000081900000|  0%| F|  |TS  0|AC  0|TAMS 0x0000000081800000, 0x0000000081800000|
|   3|0x0000000081900000, 0x0000000081900000, 0x0000000081a00000|  0%| F|  |TS  0|AC  0|TAMS 0x0000000081900000, 0x0000000081900000|
|   4|0x0000000081a00000, 0x0000000081a00000, 0x0000000081b00000|  0%| F|  |TS  0|AC  0|TAMS 0x0000000081a00000, 0x0000000081a00000|
|   5|0x0000000081b00000, 0x0000000081b00000, 0x0000000081c00000|  0%| F|  |TS  0|AC  0|TAMS 0x0000000081b00000, 0x0000000081b00000|
|   6|0x0000000081c00000, 0x0000000081c00000, 0x0000000081d00000|  0%| F|  |TS  0|AC  0|TAMS 0x0000000081c00000, 0x0000000081c00000|
|   7|0x0000000081d00000, 0x0000000081d00000, 0x0000000081e00000|  0%| F|  |TS  0|AC  0|TAMS 0x0000000081d00000, 0x0000000081d00000|
|   8|0x0000000081e00000, 0x0000000081e00000, 0x0000000081f00000|  0%| F|  |TS  0|AC  0|TAMS 0x0000000081e00000, 0x0000000081e00000|
|   9|0x0000000081f00000, 0x0000000081f00000, 0x0000000082000000|  0%| F|  |TS  0|AC  0|TAMS 0x0000000081f00000, 0x0000000081f00000|
|  10|0x0000000082000000, 0x0000000082000000, 0x0000000082100000|  0%| F|  |TS  0|AC  0|TAMS 0x0000000082000000, 0x0000000082000000|
|  11|0x0000000082100000, 0x0000000082100000, 0x0000000082200000|  0%| F|  |TS  0|AC  0|TAMS 0x0000000082100000, 0x0000000082100000|
|  12|0x0000000082200000, 0x0000000082200000, 0x0000000082300000|  0%| F|  |TS  0|AC  0|TAMS 0x0000000082200000, 0x0000000082200000|
|  13|0x0000000082300000, 0x0000000082300000, 0x0000000082400000|  0%| F|  |TS  0|AC  0|TAMS 0x0000000082300000, 0x0000000082300000|
|  14|0x0000000082400000, 0x0000000082400000, 0x0000000082500000|  0%| F|  |TS  0|AC  0|TAMS 0x0000000082400000, 0x0000000082400000|
|  15|0x0000000082500000, 0x0000000082500000, 0x0000000082600000|  0%| F|  |TS  0|AC  0|TAMS 0x0000000082500000, 0x0000000082500000|
|  16|0x0000000082600000, 0x0000000082600000, 0x0000000082700000|  0%| F|  |TS  0|AC  0|TAMS 0x0000000082600000, 0x0000000082600000|
|  17|0x0000000082700000, 0x0000000082700000, 0x0000000082800000|  0%| F|  |TS  0|AC  0|TAMS 0x0000000082700000, 0x0000000082700000|
|  18|0x0000000082800000, 0x0000000082800000, 0x0000000082900000|  0%| F|  |TS  0|AC  0|TAMS 0x0000000082800000, 0x0000000082800000|
|  19|0x0000000082900000, 0x0000000082900000, 0x0000000082a00000|  0%| F|  |TS  0|AC  0|TAMS 0x0000000082900000, 0x0000000082900000|
|  20|0x0000000082a00000, 0x0000000082a00000, 0x0000000082b00000|  0%| F|  |TS  0|AC  0|TAMS 0x0000000082a00000, 0x0000000082a00000|
|  21|0x0000000082b00000, 0x0000000082b00000, 0x0000000082c00000|  0%| F|  |TS  0|AC  0|TAMS 0x0000000082b00000, 0x0000000082b00000|
|  22|0x0000000082c00000, 0x0000000082c00000, 0x0000000082d00000|  0%| F|  |TS  0|AC  0|TAMS 0x0000000082c00000, 0x0000000082c00000|
|  23|0x0000000082d00000, 0x0000000082d00000, 0x0000000082e00000|  0%| F|  |TS  0|AC  0|TAMS 0x0000000082d00000, 0x0000000082d00000|
|  24|0x0000000082e00000, 0x0000000082e00000, 0x0000000082f00000|  0%| F|  |TS  0|AC  0|TAMS 0x0000000082e00000, 0x0000000082e00000|
|  25|0x0000000082f00000, 0x0000000082f00000, 0x0000000083000000|  0%| F|  |TS  0|AC  0|TAMS 0x0000000082f00000, 0x0000000082f00000|
|  26|0x0000000083000000, 0x0000000083000000, 0x0000000083100000|  0%| F|  |TS  0|AC  0|TAMS 0x0000000083000000, 0x0000000083000000|
|  27|0x0000000083100000, 0x0000000083100000, 0x0000000083200000|  0%| F|  |TS  0|AC  0|TAMS 0x0000000083100000, 0x0000000083100000|
|  28|0x0000000083200000, 0x0000000083200000, 0x0000000083300000|  0%| F|  |TS  0|AC  0|TAMS 0x0000000083200000, 0x0000000083200000|
|  29|0x0000000083300000, 0x0000000083300000, 0x0000000083400000|  0%| F|  |TS  0|AC  0|TAMS 0x0000000083300000, 0x0000000083300000|
|  30|0x0000000083400000, 0x0000000083400000, 0x0000000083500000|  0%| F|  |TS  0|AC  0|TAMS 0x0000000083400000, 0x0000000083400000|
|  31|0x0000000083500000, 0x0000000083500000, 0x0000000083600000|  0%| F|  |TS  0|AC  0|TAMS 0x0000000083500000, 0x0000000083500000|
|  32|0x0000000083600000, 0x0000000083600000, 0x0000000083700000|  0%| F|  |TS  0|AC  0|TAMS 0x0000000083600000, 0x0000000083600000|
|  33|0x0000000083700000, 0x0000000083700000, 0x0000000083800000|  0%| F|  |TS  0|AC  0|TAMS 0x0000000083700000, 0x0000000083700000|
|  34|0x0000000083800000, 0x0000000083800000, 0x0000000083900000|  0%| F|  |TS  0|AC  0|TAMS 0x0000000083800000, 0x0000000083800000|
|  35|0x0000000083900000, 0x0000000083900000, 0x0000000083a00000|  0%| F|  |TS  0|AC  0|TAMS 0x0000000083900000, 0x0000000083900000|
|  36|0x0000000083a00000, 0x0000000083a00000, 0x0000000083b00000|  0%| F|  |TS  0|AC  0|TAMS 0x0000000083a00000, 0x0000000083a00000|
|  37|0x0000000083b00000, 0x0000000083b00000, 0x0000000083c00000|  0%| F|  |TS  0|AC  0|TAMS 0x0000000083b00000, 0x0000000083b00000|
|  38|0x0000000083c00000, 0x0000000083c00000, 0x0000000083d00000|  0%| F|  |TS  0|AC  0|TAMS 0x0000000083c00000, 0x0000000083c00000|
|  39|0x0000000083d00000, 0x0000000083d00000, 0x0000000083e00000|  0%| F|  |TS  0|AC  0|TAMS 0x0000000083d00000, 0x0000000083d00000|
|  40|0x0000000083e00000, 0x0000000083e00000, 0x0000000083f00000|  0%| F|  |TS  0|AC  0|TAMS 0x0000000083e00000, 0x0000000083e00000|
|  41|0x0000000083f00000, 0x0000000083f00000, 0x0000000084000000|  0%| F|  |TS  0|AC  0|TAMS 0x0000000083f00000, 0x0000000083f00000|
|  42|0x0000000084000000, 0x0000000084000000, 0x0000000084100000|  0%| F|  |TS  0|AC  0|TAMS 0x0000000084000000, 0x0000000084000000|
|  43|0x0000000084100000, 0x0000000084100000, 0x0000000084200000|  0%| F|  |TS  0|AC  0|TAMS 0x0000000084100000, 0x0000000084100000|
|  44|0x0000000084200000, 0x0000000084200000, 0x0000000084300000|  0%| F|  |TS  0|AC  0|TAMS 0x0000000084200000, 0x0000000084200000|
|  45|0x0000000084300000, 0x0000000084300000, 0x0000000084400000|  0%| F|  |TS  0|AC  0|TAMS 0x0000000084300000, 0x0000000084300000|
|  46|0x0000000084400000, 0x0000000084400000, 0x0000000084500000|  0%| F|  |TS  0|AC  0|TAMS 0x0000000084400000, 0x0000000084400000|
|  47|0x0000000084500000, 0x0000000084500000, 0x0000000084600000|  0%| F|  |TS  0|AC  0|TAMS 0x0000000084500000, 0x0000000084500000|
|  48|0x0000000084600000, 0x0000000084600000, 0x0000000084700000|  0%| F|  |TS  0|AC  0|TAMS 0x0000000084600000, 0x0000000084600000|
|  49|0x0000000084700000, 0x0000000084700000, 0x0000000084800000|  0%| F|  |TS  0|AC  0|TAMS 0x0000000084700000, 0x0000000084700000|
|  50|0x0000000084800000, 0x0000000084800000, 0x0000000084900000|  0%| F|  |TS  0|AC  0|TAMS 0x0000000084800000, 0x0000000084800000|
|  51|0x0000000084900000, 0x0000000084900000, 0x0000000084a00000|  0%| F|  |TS  0|AC  0|TAMS 0x0000000084900000, 0x0000000084900000|
|  52|0x0000000084a00000, 0x0000000084a00000, 0x0000000084b00000|  0%| F|  |TS  0|AC  0|TAMS 0x0000000084a00000, 0x0000000084a00000|
|  53|0x0000000084b00000, 0x0000000084b00000, 0x0000000084c00000|  0%| F|  |TS  0|AC  0|TAMS 0x0000000084b00000, 0x0000000084b00000|
|  54|0x0000000084c00000, 0x0000000084c00000, 0x0000000084d00000|  0%| F|  |TS  0|AC  0|TAMS 0x0000000084c00000, 0x0000000084c00000|
|  55|0x0000000084d00000, 0x0000000084d00000, 0x0000000084e00000|  0%| F|  |TS  0|AC  0|TAMS 0x0000000084d00000, 0x0000000084d00000|
|  56|0x0000000084e00000, 0x0000000084e00000, 0x0000000084f00000|  0%| F|  |TS  0|AC  0|TAMS 0x0000000084e00000, 0x0000000084e00000|
|  57|0x0000000084f00000, 0x0000000084f00000, 0x0000000085000000|  0%| F|  |TS  0|AC  0|TAMS 0x0000000084f00000, 0x0000000084f00000|
|  58|0x0000000085000000, 0x0000000085000000, 0x0000000085100000|  0%| F|  |TS  0|AC  0|TAMS 0x0000000085000000, 0x0000000085000000|
|  59|0x0000000085100000, 0x0000000085100000, 0x0000000085200000|  0%| F|  |TS  0|AC  0|TAMS 0x0000000085100000, 0x0000000085100000|
|  60|0x0000000085200000, 0x0000000085200000, 0x0000000085300000|  0%| F|  |TS  0|AC  0|TAMS 0x0000000085200000, 0x0000000085200000|
|  61|0x0000000085300000, 0x0000000085300000, 0x0000000085400000|  0%| F|  |TS  0|AC  0|TAMS 0x0000000085300000, 0x0000000085300000|
|  62|0x0000000085400000, 0x0000000085400000, 0x0000000085500000|  0%| F|  |TS  0|AC  0|TAMS 0x0000000085400000, 0x0000000085400000|
|  63|0x0000000085500000, 0x0000000085500000, 0x0000000085600000|  0%| F|  |TS  0|AC  0|TAMS 0x0000000085500000, 0x0000000085500000|
|  64|0x0000000085600000, 0x0000000085600000, 0x0000000085700000|  0%| F|  |TS  0|AC  0|TAMS 0x0000000085600000, 0x0000000085600000|
|  65|0x0000000085700000, 0x0000000085700000, 0x0000000085800000|  0%| F|  |TS  0|AC  0|TAMS 0x0000000085700000, 0x0000000085700000|
|  66|0x0000000085800000, 0x0000000085800000, 0x0000000085900000|  0%| F|  |TS  0|AC  0|TAMS 0x0000000085800000, 0x0000000085800000|
|  67|0x0000000085900000, 0x0000000085900000, 0x0000000085a00000|  0%| F|  |TS  0|AC  0|TAMS 0x0000000085900000, 0x0000000085900000|
|  68|0x0000000085a00000, 0x0000000085a00000, 0x0000000085b00000|  0%| F|  |TS  0|AC  0|TAMS 0x0000000085a00000, 0x0000000085a00000|
|  69|0x0000000085b00000, 0x0000000085b00000, 0x0000000085c00000|  0%| F|  |TS  0|AC  0|TAMS 0x0000000085b00000, 0x0000000085b00000|
|  70|0x0000000085c00000, 0x0000000085c00000, 0x0000000085d00000|  0%| F|  |TS  0|AC  0|TAMS 0x0000000085c00000, 0x0000000085c00000|
|  71|0x0000000085d00000, 0x0000000085d00000, 0x0000000085e00000|  0%| F|  |TS  0|AC  0|TAMS 0x0000000085d00000, 0x0000000085d00000|
|  72|0x0000000085e00000, 0x0000000085e00000, 0x0000000085f00000|  0%| F|  |TS  0|AC  0|TAMS 0x0000000085e00000, 0x0000000085e00000|
|  73|0x0000000085f00000, 0x0000000085f00000, 0x0000000086000000|  0%| F|  |TS  0|AC  0|TAMS 0x0000000085f00000, 0x0000000085f00000|
|  74|0x0000000086000000, 0x0000000086000000, 0x0000000086100000|  0%| F|  |TS  0|AC  0|TAMS 0x0000000086000000, 0x0000000086000000|
|  75|0x0000000086100000, 0x0000000086100000, 0x0000000086200000|  0%| F|  |TS  0|AC  0|TAMS 0x0000000086100000, 0x0000000086100000|
|  76|0x0000000086200000, 0x0000000086200000, 0x0000000086300000|  0%| F|  |TS  0|AC  0|TAMS 0x0000000086200000, 0x0000000086200000|
|  77|0x0000000086300000, 0x0000000086300000, 0x0000000086400000|  0%| F|  |TS  0|AC  0|TAMS 0x0000000086300000, 0x0000000086300000|
|  78|0x0000000086400000, 0x0000000086400000, 0x0000000086500000|  0%| F|  |TS  0|AC  0|TAMS 0x0000000086400000, 0x0000000086400000|
|  79|0x0000000086500000, 0x0000000086500000, 0x0000000086600000|  0%| F|  |TS  0|AC  0|TAMS 0x0000000086500000, 0x0000000086500000|
|  80|0x0000000086600000, 0x0000000086600000, 0x0000000086700000|  0%| F|  |TS  0|AC  0|TAMS 0x0000000086600000, 0x0000000086600000|
|  81|0x0000000086700000, 0x0000000086700000, 0x0000000086800000|  0%| F|  |TS  0|AC  0|TAMS 0x0000000086700000, 0x0000000086700000|
|  82|0x0000000086800000, 0x0000000086800000, 0x0000000086900000|  0%| F|  |TS  0|AC  0|TAMS 0x0000000086800000, 0x0000000086800000|
|  83|0x0000000086900000, 0x0000000086900000, 0x0000000086a00000|  0%| F|  |TS  0|AC  0|TAMS 0x0000000086900000, 0x0000000086900000|
|  84|0x0000000086a00000, 0x0000000086a00000, 0x0000000086b00000|  0%| F|  |TS  0|AC  0|TAMS 0x0000000086a00000, 0x0000000086a00000|
|  85|0x0000000086b00000, 0x0000000086b00000, 0x0000000086c00000|  0%| F|  |TS  0|AC  0|TAMS 0x0000000086b00000, 0x0000000086b00000|
|  86|0x0000000086c00000, 0x0000000086c00000, 0x0000000086d00000|  0%| F|  |TS  0|AC  0|TAMS 0x0000000086c00000, 0x0000000086c00000|
|  87|0x0000000086d00000, 0x0000000086d00000, 0x0000000086e00000|  0%| F|  |TS  0|AC  0|TAMS 0x0000000086d00000, 0x0000000086d00000|
|  88|0x0000000086e00000, 0x0000000086e00000, 0x0000000086f00000|  0%| F|  |TS  0|AC  0|TAMS 0x0000000086e00000, 0x0000000086e00000|
|  89|0x0000000086f00000, 0x0000000086f00000, 0x0000000087000000|  0%| F|  |TS  0|AC  0|TAMS 0x0000000086f00000, 0x0000000086f00000|
|  90|0x0000000087000000, 0x0000000087000000, 0x0000000087100000|  0%| F|  |TS  0|AC  0|TAMS 0x0000000087000000, 0x0000000087000000|
|  91|0x0000000087100000, 0x0000000087100000, 0x0000000087200000|  0%| F|  |TS  0|AC  0|TAMS 0x0000000087100000, 0x0000000087100000|
|  92|0x0000000087200000, 0x0000000087200000, 0x0000000087300000|  0%| F|  |TS  0|AC  0|TAMS 0x0000000087200000, 0x0000000087200000|
|  93|0x0000000087300000, 0x0000000087300000, 0x0000000087400000|  0%| F|  |TS  0|AC  0|TAMS 0x0000000087300000, 0x0000000087300000|
|  94|0x0000000087400000, 0x0000000087400000, 0x0000000087500000|  0%| F|  |TS  0|AC  0|TAMS 0x0000000087400000, 0x0000000087400000|
|  95|0x0000000087500000, 0x0000000087500000, 0x0000000087600000|  0%| F|  |TS  0|AC  0|TAMS 0x0000000087500000, 0x0000000087500000|
|  96|0x0000000087600000, 0x0000000087600000, 0x0000000087700000|  0%| F|  |TS  0|AC  0|TAMS 0x0000000087600000, 0x0000000087600000|
|  97|0x0000000087700000, 0x0000000087700000, 0x0000000087800000|  0%| F|  |TS  0|AC  0|TAMS 0x0000000087700000, 0x0000000087700000|
|  98|0x0000000087800000, 0x0000000087800000, 0x0000000087900000|  0%| F|  |TS  0|AC  0|TAMS 0x0000000087800000, 0x0000000087800000|
|  99|0x0000000087900000, 0x0000000087900000, 0x0000000087a00000|  0%| F|  |TS  0|AC  0|TAMS 0x0000000087900000, 0x0000000087900000|
| 100|0x0000000087a00000, 0x0000000087a00000, 0x0000000087b00000|  0%| F|  |TS  0|AC  0|TAMS 0x0000000087a00000, 0x0000000087a00000|
| 101|0x0000000087b00000, 0x0000000087b00000, 0x0000000087c00000|  0%| F|  |TS  0|AC  0|TAMS 0x0000000087b00000, 0x0000000087b00000|
| 102|0x0000000087c00000, 0x0000000087c00000, 0x0000000087d00000|  0%| F|  |TS  0|AC  0|TAMS 0x0000000087c00000, 0x0000000087c00000|
| 103|0x0000000087d00000, 0x0000000087d00000, 0x0000000087e00000|  0%| F|  |TS  0|AC  0|TAMS 0x0000000087d00000, 0x0000000087d00000|
| 104|0x0000000087e00000, 0x0000000087e00000, 0x0000000087f00000|  0%| F|  |TS  0|AC  0|TAMS 0x0000000087e00000, 0x0000000087e00000|
| 105|0x0000000087f00000, 0x0000000087f00000, 0x0000000088000000|  0%| F|  |TS  0|AC  0|TAMS 0x0000000087f00000, 0x0000000087f00000|
| 106|0x0000000088000000, 0x0000000088000000, 0x0000000088100000|  0%| F|  |TS  0|AC  0|TAMS 0x0000000088000000, 0x0000000088000000|
| 107|0x0000000088100000, 0x0000000088100000, 0x0000000088200000|  0%| F|  |TS  0|AC  0|TAMS 0x0000000088100000, 0x0000000088100000|
| 108|0x0000000088200000, 0x0000000088200000, 0x0000000088300000|  0%| F|  |TS  0|AC  0|TAMS 0x0000000088200000, 0x0000000088200000|
| 109|0x0000000088300000, 0x0000000088300000, 0x0000000088400000|  0%| F|  |TS  0|AC  0|TAMS 0x0000000088300000, 0x0000000088300000|
| 110|0x0000000088400000, 0x0000000088400000, 0x0000000088500000|  0%| F|  |TS  0|AC  0|TAMS 0x0000000088400000, 0x0000000088400000|
| 111|0x0000000088500000, 0x0000000088500000, 0x0000000088600000|  0%| F|  |TS  0|AC  0|TAMS 0x0000000088500000, 0x0000000088500000|
| 112|0x0000000088600000, 0x0000000088600000, 0x0000000088700000|  0%| F|  |TS  0|AC  0|TAMS 0x0000000088600000, 0x0000000088600000|
| 113|0x0000000088700000, 0x0000000088700000, 0x0000000088800000|  0%| F|  |TS  0|AC  0|TAMS 0x0000000088700000, 0x0000000088700000|
| 114|0x0000000088800000, 0x0000000088800000, 0x0000000088900000|  0%| F|  |TS  0|AC  0|TAMS 0x0000000088800000, 0x0000000088800000|
| 115|0x0000000088900000, 0x0000000088900000, 0x0000000088a00000|  0%| F|  |TS  0|AC  0|TAMS 0x0000000088900000, 0x0000000088900000|
| 116|0x0000000088a00000, 0x0000000088a00000, 0x0000000088b00000|  0%| F|  |TS  0|AC  0|TAMS 0x0000000088a00000, 0x0000000088a00000|
| 117|0x0000000088b00000, 0x0000000088b00000, 0x0000000088c00000|  0%| F|  |TS  0|AC  0|TAMS 0x0000000088b00000, 0x0000000088b00000|
| 118|0x0000000088c00000, 0x0000000088c00000, 0x0000000088d00000|  0%| F|  |TS  0|AC  0|TAMS 0x0000000088c00000, 0x0000000088c00000|
| 119|0x0000000088d00000, 0x0000000088d00000, 0x0000000088e00000|  0%| F|  |TS  0|AC  0|TAMS 0x0000000088d00000, 0x0000000088d00000|
| 120|0x0000000088e00000, 0x0000000088e00000, 0x0000000088f00000|  0%| F|  |TS  0|AC  0|TAMS 0x0000000088e00000, 0x0000000088e00000|
| 121|0x0000000088f00000, 0x0000000088f00000, 0x0000000089000000|  0%| F|  |TS  0|AC  0|TAMS 0x0000000088f00000, 0x0000000088f00000|
| 122|0x0000000089000000, 0x0000000089000000, 0x0000000089100000|  0%| F|  |TS  0|AC  0|TAMS 0x0000000089000000, 0x0000000089000000|
| 123|0x0000000089100000, 0x0000000089100000, 0x0000000089200000|  0%| F|  |TS  0|AC  0|TAMS 0x0000000089100000, 0x0000000089100000|
| 124|0x0000000089200000, 0x0000000089200000, 0x0000000089300000|  0%| F|  |TS  0|AC  0|TAMS 0x0000000089200000, 0x0000000089200000|
| 125|0x0000000089300000, 0x0000000089400000, 0x0000000089400000|100%| E|  |TS  0|AC  0|TAMS 0x0000000089300000, 0x0000000089300000|
| 126|0x0000000089400000, 0x0000000089500000, 0x0000000089500000|100%| E|CS|TS  0|AC  0|TAMS 0x0000000089400000, 0x0000000089400000|
| 127|0x0000000089500000, 0x0000000089600000, 0x0000000089600000|100%| E|CS|TS  0|AC  0|TAMS 0x0000000089500000, 0x0000000089500000|

Card table byte_map: [0x000001e700800000,0x000001e700c00000] byte_map_base: 0x000001e7003f5000

Marking Bits (Prev, Next): (CMBitMap*) 0x000001e764a87b40, (CMBitMap*) 0x000001e764a87b78
 Prev Bits: [0x000001e701000000, 0x000001e702fa8000)
 Next Bits: [0x000001e702fb0000, 0x000001e704f58000)

Polling page: 0x000001e764940000

CodeHeap 'non-profiled nmethods': size=120064Kb used=48Kb max_used=48Kb free=120015Kb
 bounds [0x000001e778470000, 0x000001e7786e0000, 0x000001e77f9b0000]
CodeHeap 'profiled nmethods': size=120000Kb used=246Kb max_used=246Kb free=119753Kb
 bounds [0x000001e770f40000, 0x000001e7711b0000, 0x000001e778470000]
CodeHeap 'non-nmethods': size=5696Kb used=1172Kb max_used=1183Kb free=4523Kb
 bounds [0x000001e7709b0000, 0x000001e770c20000, 0x000001e770f40000]
 total_blobs=553 nmethods=186 adapters=212
 compilation: enabled

Compilation events (10 events):
Event: 0.303 Thread 0x000001e707e66000 nmethod 173 0x000001e77847b990 code [0x000001e77847bb20, 0x000001e77847bcb8]
Event: 0.303 Thread 0x000001e707ed7000 nmethod 180 0x000001e770f7c090 code [0x000001e770f7c240, 0x000001e770f7c3d8]
Event: 0.305 Thread 0x000001e707ed7000  183       3       java.lang.String::getBytes (44 bytes)
Event: 0.305 Thread 0x000001e707ed7000 nmethod 183 0x000001e770f7c490 code [0x000001e770f7c680, 0x000001e770f7caa0]
Event: 0.314 Thread 0x000001e707ed7000  184       3       java.net.URI::access$300 (7 bytes)
Event: 0.314 Thread 0x000001e707ed7000 nmethod 184 0x000001e770f7cc10 code [0x000001e770f7cdc0, 0x000001e770f7cf30]
Event: 0.321 Thread 0x000001e707ed7000  185       3       java.lang.String::charAt (25 bytes)
Event: 0.321 Thread 0x000001e707e6a800  186       4       java.lang.String::isLatin1 (19 bytes)
Event: 0.322 Thread 0x000001e707e6a800 nmethod 186 0x000001e77847be10 code [0x000001e77847bfa0, 0x000001e77847c018]
Event: 0.322 Thread 0x000001e707ed7000 nmethod 185 0x000001e770f7d010 code [0x000001e770f7d220, 0x000001e770f7d780]

GC Heap History (0 events):
No events

Deoptimization events (1 events):
Event: 0.317 Thread 0x000001e708142000 Uncommon trap: reason=unstable_if action=reinterpret pc=0x000001e77847b118 method=java.lang.String.charAt(I)C @ 4 c2

Classes redefined (0 events):
No events

Internal exceptions (1 events):
Event: 0.358 Thread 0x000001e7649f8000 Exception <a 'java/lang/NoSuchMethodError'{0x0000000089370230}: doubleValue> (0x0000000089370230) thrown at [t:/workspace/hotspot/src/share/vm/prims/jni.cpp, line 1363]

Events (10 events):
Event: 0.321 loading class jdk/internal/loader/URLClassPath$FileLoader$1
Event: 0.321 loading class jdk/internal/loader/URLClassPath$FileLoader$1 done
Event: 0.323 loading class java/lang/PublicMethods$MethodList
Event: 0.323 loading class java/lang/PublicMethods$MethodList done
Event: 0.323 loading class java/lang/PublicMethods$Key
Event: 0.323 loading class java/lang/PublicMethods$Key done
Event: 0.358 loading class java/lang/NoSuchMethodError
Event: 0.358 loading class java/lang/IncompatibleClassChangeError
Event: 0.358 loading class java/lang/IncompatibleClassChangeError done
Event: 0.358 loading class java/lang/NoSuchMethodError done


Dynamic libraries:
0x00007ff74f1c0000 - 0x00007ff74f1fe000 	C:\Program Files\Java\jdk-9.0.4\bin\java.exe
0x00007ffe91960000 - 0x00007ffe91b41000 	C:\WINDOWS\SYSTEM32\ntdll.dll
0x00007ffe8f2c0000 - 0x00007ffe8f372000 	C:\WINDOWS\System32\KERNEL32.DLL
0x00007ffe8e6e0000 - 0x00007ffe8e953000 	C:\WINDOWS\System32\KERNELBASE.dll
0x00007ffe8ff00000 - 0x00007ffe8ffa1000 	C:\WINDOWS\System32\ADVAPI32.dll
0x00007ffe8f6d0000 - 0x00007ffe8f76e000 	C:\WINDOWS\System32\msvcrt.dll
0x00007ffe901e0000 - 0x00007ffe9023b000 	C:\WINDOWS\System32\sechost.dll
0x00007ffe8f190000 - 0x00007ffe8f2b4000 	C:\WINDOWS\System32\RPCRT4.dll
0x00007ffe8fc20000 - 0x00007ffe8fdb0000 	C:\WINDOWS\System32\USER32.dll
0x00007ffe8edd0000 - 0x00007ffe8edf0000 	C:\WINDOWS\System32\win32u.dll
0x00007ffe8fe20000 - 0x00007ffe8fe48000 	C:\WINDOWS\System32\GDI32.dll
0x00007ffe8e540000 - 0x00007ffe8e6d2000 	C:\WINDOWS\System32\gdi32full.dll
0x00007ffe8ec80000 - 0x00007ffe8ed1f000 	C:\WINDOWS\System32\msvcp_win.dll
0x00007ffe8e440000 - 0x00007ffe8e53a000 	C:\WINDOWS\System32\ucrtbase.dll
0x00007ffe81610000 - 0x00007ffe81879000 	C:\WINDOWS\WinSxS\amd64_microsoft.windows.common-controls_6595b64144ccf1df_6.0.17134.48_none_b4b2216a3cb4dd3e\COMCTL32.dll
0x00007ffe8ee00000 - 0x00007ffe8f123000 	C:\WINDOWS\System32\combase.dll
0x00007ffe8e9b0000 - 0x00007ffe8ea2a000 	C:\WINDOWS\System32\bcryptPrimitives.dll
0x00007ffe7c420000 - 0x00007ffe7c42a000 	C:\WINDOWS\SYSTEM32\VERSION.dll
0x00007ffe8f380000 - 0x00007ffe8f3ad000 	C:\WINDOWS\System32\IMM32.DLL
0x00007ffe758e0000 - 0x00007ffe759cf000 	C:\Program Files\Java\jdk-9.0.4\bin\msvcr120.dll
0x00007ffe7a7b0000 - 0x00007ffe7a856000 	C:\Program Files\Java\jdk-9.0.4\bin\msvcp120.dll
0x00000000662a0000 - 0x0000000066cc5000 	C:\Program Files\Java\jdk-9.0.4\bin\server\jvm.dll
0x00007ffe8edf0000 - 0x00007ffe8edf8000 	C:\WINDOWS\System32\PSAPI.DLL
0x00007ffe77ae0000 - 0x00007ffe77ae9000 	C:\WINDOWS\SYSTEM32\WSOCK32.dll
0x00007ffe8fdb0000 - 0x00007ffe8fe1c000 	C:\WINDOWS\System32\WS2_32.dll
0x00007ffe8a440000 - 0x00007ffe8a463000 	C:\WINDOWS\SYSTEM32\WINMM.dll
0x00007ffe8a410000 - 0x00007ffe8a43a000 	C:\WINDOWS\SYSTEM32\WINMMBASE.dll
0x00007ffe8e960000 - 0x00007ffe8e9a9000 	C:\WINDOWS\System32\cfgmgr32.dll
0x00007ffe8a990000 - 0x00007ffe8a99f000 	C:\Program Files\Java\jdk-9.0.4\bin\verify.dll
0x00007ffe81b30000 - 0x00007ffe81b57000 	C:\Program Files\Java\jdk-9.0.4\bin\java.dll
0x00007ffe7ef30000 - 0x00007ffe7ef5a000 	C:\Program Files\Java\jdk-9.0.4\bin\instrument.dll
0x00007ffe84de0000 - 0x00007ffe84df6000 	C:\Program Files\Java\jdk-9.0.4\bin\zip.dll
0x00007ffe8a900000 - 0x00007ffe8a90a000 	C:\Program Files\Java\jdk-9.0.4\bin\jimage.dll
0x00007ffe90240000 - 0x00007ffe91680000 	C:\WINDOWS\System32\SHELL32.dll
0x00007ffe8f550000 - 0x00007ffe8f5f9000 	C:\WINDOWS\System32\shcore.dll
0x00007ffe8dd30000 - 0x00007ffe8e43d000 	C:\WINDOWS\System32\windows.storage.dll
0x00007ffe8f130000 - 0x00007ffe8f181000 	C:\WINDOWS\System32\shlwapi.dll
0x00007ffe8dc80000 - 0x00007ffe8dc91000 	C:\WINDOWS\System32\kernel.appcore.dll
0x00007ffe8dca0000 - 0x00007ffe8dcbf000 	C:\WINDOWS\System32\profapi.dll
0x00007ffe8dcc0000 - 0x00007ffe8dd0c000 	C:\WINDOWS\System32\powrprof.dll
0x00007ffe8dc70000 - 0x00007ffe8dc7a000 	C:\WINDOWS\System32\FLTLIB.DLL
0x00007ffe7f580000 - 0x00007ffe7f59a000 	C:\Program Files\Java\jdk-9.0.4\bin\net.dll
0x00007ffe89cc0000 - 0x00007ffe89d9d000 	C:\WINDOWS\SYSTEM32\WINHTTP.dll
0x00007ffe8d4f0000 - 0x00007ffe8d556000 	C:\WINDOWS\system32\mswsock.dll
0x00007ffe7f4e0000 - 0x00007ffe7f4f1000 	C:\Program Files\Java\jdk-9.0.4\bin\nio.dll
0x00007ffe7f3b0000 - 0x00007ffe7f3ca000 	C:\Users\Student226123\AppData\Local\JetBrains\Toolbox\apps\IDEA-U\ch-0\181.4892.42\bin\breakgen64.dll
0x0000000062b40000 - 0x0000000062b80000 	C:\Program Files\Java\jdk-9.0.4\bin\Scalar.dll
0x00007ffe77910000 - 0x00007ffe77ad9000 	C:\WINDOWS\SYSTEM32\dbghelp.dll

VM Arguments:
jvm_args: -javaagent:C:\Users\Student226123\AppData\Local\JetBrains\Toolbox\apps\IDEA-U\ch-0\181.4892.42\lib\idea_rt.jar=5407:C:\Users\Student226123\AppData\Local\JetBrains\Toolbox\apps\IDEA-U\ch-0\181.4892.42\bin -Dfile.encoding=UTF-8 
java_command: Scalar.ScalarMain
java_class_path (initial): C:\Users\Student226123\Desktop\zajecia\ProgramowanieJava\ProgramowanieJavaLab11\target\classes
Launcher Type: SUN_STANDARD

Logging:
Log output configuration:
#0: stdout all=warning uptime,level,tags
#1: stderr all=off uptime,level,tags

Environment Variables:
JAVA_HOME=C:\Program Files\Java\jdk-9.0.4\bin
PATH=C:\ProgramData\Oracle\Java\javapath;C:\Program Files (x86)\IntelSWTools\compilers_and_libraries_2018.2.185\windows\mpi\intel64\bin;C:\Program Files (x86)\Common Files\Intel\Shared Libraries\redist\intel64_win\mpirt;C:\Program Files (x86)\Common Files\Intel\Shared Libraries\redist\ia32_win\mpirt;C:\Program Files (x86)\Common Files\Intel\Shared Libraries\redist\intel64_win\compiler;C:\Program Files (x86)\Common Files\Intel\Shared Libraries\redist\ia32_win\compiler;C:\Program Files (x86)\Intel\iCLS Client\;C:\Program Files\Intel\iCLS Client\;C:\Program Files\Java\jdk-9.0.4\bin\bin;C:\WINDOWS\system32;C:\WINDOWS;C:\WINDOWS\System32\Wbem;C:\WINDOWS\System32\WindowsPowerShell\v1.0\;C:\Program Files\Intel\WiFi\bin\;C:\Program Files\Common Files\Intel\WirelessCommon\;C:\Program Files\dotnet\;C:\Program Files\Intel\Intel(R) Management Engine Components\DAL;C:\Program Files\Intel\Intel(R) Management Engine Components\IPT;C:\Program Files (x86)\Intel\Intel(R) Management Engine Components\DAL;C:\Program Files (x86)\Intel\Intel(R) Management Engine Components\IPT;%USERPROFILE%\.dnx\bin;C:\Program Files\Microsoft DNX\Dnvm\;C:\Program Files\Microsoft SQL Server\120\Tools\Binn\;C:\Program Files\Microsoft SQL Server\130\Tools\Binn\;C:\Program Files\nodejs\;C:\Program Files\Dell\Dell Data Protection\Drivers\TSS\bin\;C:\WINDOWS\System32\OpenSSH\;C:\gccComp\x86_64-w64-mingw32-gcc-4.8.0-win64_rubenvb\mingw64\bin\libstdc++-6.dll;C:\Users\Student226123\Desktop\zajecia\ProgramowanieJava\ProgramowanieJavaLab11\src\main\java\NativeTest;C:\Program Files (x86)\Microsoft Visual Studio 14.0\Common7\Tools;C:\Users\Student226123\AppData\Local\Programs\Python\Python36\Scripts\;C:\Users\Student226123\AppData\Local\Programs\Python\Python36\;C:\Users\Student226123\AppData\Local\Microsoft\WindowsApps;C:\Users\Student226123\AppData\Roaming\npm;C:\Program Files\Microsoft VS Code\bin
USERNAME=Student226123
OS=Windows_NT
PROCESSOR_IDENTIFIER=Intel64 Family 6 Model 69 Stepping 1, GenuineIntel



---------------  S Y S T E M  ---------------

OS: Windows 10 , 64 bit Build 17134 (10.0.17134.1)

CPU:total 4 (initial active 4) (2 cores per cpu, 2 threads per core) family 6 model 69 stepping 1, cmov, cx8, fxsr, mmx, sse, sse2, sse3, ssse3, sse4.1, sse4.2, popcnt, avx, avx2, aes, clmul, erms, lzcnt, ht, tsc, tscinvbit, bmi1, bmi2, fma

Memory: 4k page, physical 8291688k(2471740k free), swap 10580788k(1982972k free)

vm_info: Java HotSpot(TM) 64-Bit Server VM (9.0.4+11) for windows-amd64 JRE (9.0.4+11), built on Dec 20 2017 02:18:54 by "mach5one" with MS VC++ 12.0 (VS2013)

END.
