#
# A fatal error has been detected by the Java Runtime Environment:
#
#  EXCEPTION_ACCESS_VIOLATION (0xc0000005) at pc=0x0000000062b41766, pid=14472, tid=7016
#
# JRE version: Java(TM) SE Runtime Environment (9.0+11) (build 9.0.4+11)
# Java VM: Java HotSpot(TM) 64-Bit Server VM (9.0.4+11, mixed mode, tiered, compressed oops, g1 gc, windows-amd64)
# Problematic frame:
# C  [Scalar.dll+0x1766]
#
# No core dump will be written. Minidumps are not enabled by default on client versions of Windows
#
# If you would like to submit a bug report, please visit:
#   http://bugreport.java.com/bugreport/crash.jsp
# The crash happened outside the Java Virtual Machine in native code.
# See problematic frame for where to report the bug.
#

---------------  S U M M A R Y ------------

Command Line: -javaagent:C:\Users\Student226123\AppData\Local\JetBrains\Toolbox\apps\IDEA-U\ch-0\181.4892.42\lib\idea_rt.jar=10335:C:\Users\Student226123\AppData\Local\JetBrains\Toolbox\apps\IDEA-U\ch-0\181.4892.42\bin -Dfile.encoding=UTF-8 Scalar.ScalarMain

Host: Intel(R) Core(TM) i5-4300U CPU @ 1.90GHz, 4 cores, 7G,  Windows 10 , 64 bit Build 17134 (10.0.17134.1)
Time: Sun May 20 16:36:16 2018 Central European Daylight Time elapsed time: 0 seconds (0d 0h 0m 0s)

---------------  T H R E A D  ---------------

Current thread (0x0000025efea97000):  JavaThread "main" [_thread_in_native, id=7016, stack(0x000000d9ad700000,0x000000d9ad800000)]

Stack: [0x000000d9ad700000,0x000000d9ad800000],  sp=0x000000d9ad7ff430,  free space=1021k
Native frames: (J=compiled Java code, j=interpreted, Vv=VM code, C=native code)
C  [Scalar.dll+0x1766]
C  0x0000025e8ba7921c

Java frames: (J=compiled Java code, j=interpreted, Vv=VM code)
j  Scalar.ScalarMain.multi03()V+0
j  Scalar.ScalarMain.main([Ljava/lang/String;)V+128
v  ~StubRoutines::call_stub

siginfo: EXCEPTION_ACCESS_VIOLATION (0xc0000005), reading address 0x0000000000000000


Register to memory mapping:

RIP=0x0000000062b41766 Scalar.dll
RAX=0x000000007416ee20 jvm.dll
RBX={method} {0x0000025ea1a973e8} 'multi03' '()V' in 'Scalar/ScalarMain'
RCX=0x0000000000000000 is an unknown value
RDX=0x0000000000000000 is an unknown value
RSP=0x000000d9ad7ff430 is pointing into the stack for thread: 0x0000025efea97000
RBP=0x000000d9ad7ff4a0 is pointing into the stack for thread: 0x0000025efea97000
RSI=0x0000000000000002 is an unknown value
RDI=0x0000025e8ba6b603 is at code_begin+2307 in an Interpreter codelet
invoke return entry points  [0x0000025e8ba6ad00, 0x0000025e8ba6b6e0]  2528 bytes
R8 =0x0000000000000002 is an unknown value
R9 =0x0000025efea87540 is an unknown value
R10={method} {0x0000025ea1a16e70} 'getA' '()[D' in 'Scalar/ScalarMain'
R11=0x0000025ea1a976f8 is pointing into metadata
R12=0x0000000000000000 is an unknown value
R13={method} {0x0000025ea1a973e8} 'multi03' '()V' in 'Scalar/ScalarMain'
R14=0x000000d9ad7ff548 is pointing into the stack for thread: 0x0000025efea97000
R15=0x0000025efea97000 is a thread


Registers:
RAX=0x000000007416ee20, RBX=0x0000025ea1a973e0, RCX=0x0000000000000000, RDX=0x0000000000000000
RSP=0x000000d9ad7ff430, RBP=0x000000d9ad7ff4a0, RSI=0x0000000000000002, RDI=0x0000025e8ba6b603
R8 =0x0000000000000002, R9 =0x0000025efea87540, R10=0x0000025ea1a16e68, R11=0x0000025ea1a976f8
R12=0x0000000000000000, R13=0x0000025ea1a973e0, R14=0x000000d9ad7ff548, R15=0x0000025efea97000
RIP=0x0000000062b41766, EFLAGS=0x0000000000010206

Top of Stack: (sp=0x000000d9ad7ff430)
0x000000d9ad7ff430:   0000025ea1a973e0 000000d9ad7ff4a0
0x000000d9ad7ff440:   0000025ea221b5b8 0000025efea87540
0x000000d9ad7ff450:   0000025ea1a973e0 0000025efea97000
0x000000d9ad7ff460:   0000025ea1a973e0 0000025efea97000
0x000000d9ad7ff470:   0000025e8ba6b603 0000025e8ba79074
0x000000d9ad7ff480:   0000000000000000 0000000000000000
0x000000d9ad7ff490:   0000025ea221b5b8 0000025ea15eede0
0x000000d9ad7ff4a0:   000000d9ad7ff528 0000025e8ba7921c
0x000000d9ad7ff4b0:   0000025efea97218 000000d9ad7ff548
0x000000d9ad7ff4c0:   0000000000000002 0000000000000000
0x000000d9ad7ff4d0:   0000025e8ba6b603 0000025e8ba78ed3
0x000000d9ad7ff4e0:   000000d9ad7ff4e0 0000025ea1a973e0
0x000000d9ad7ff4f0:   000000d9ad7ff548 0000025ea1a976c8
0x000000d9ad7ff500:   0000000000000000 0000000089372470
0x000000d9ad7ff510:   0000025ea1a973e0 0000000000000000
0x000000d9ad7ff520:   000000d9ad7ff548 000000d9ad7ff598 

Instructions: (pc=0x0000000062b41766)
0x0000000062b41746:   ff d0 48 89 45 e8 48 8b 45 e8 48 89 45 e0 48 8b
0x0000000062b41756:   45 10 48 8b 00 48 8b 80 f0 05 00 00 48 8b 55 e0
0x0000000062b41766:   48 8b 12 41 b8 00 00 00 00 48 8b 4d 10 ff d0 48
0x0000000062b41776:   89 45 d8 48 b8 cd cc cc cc cc cc 14 40 48 89 45 



---------------  P R O C E S S  ---------------

Java Threads: ( => current thread )
  0x0000025ea221a000 JavaThread "Service Thread" daemon [_thread_blocked, id=12908, stack(0x000000d9aee00000,0x000000d9aef00000)]
  0x0000025ea2219000 JavaThread "Monitor Ctrl-Break" daemon [_thread_in_native, id=1304, stack(0x000000d9aed00000,0x000000d9aee00000)]
  0x0000025ea1fe7000 JavaThread "Common-Cleaner" daemon [_thread_blocked, id=5468, stack(0x000000d9aec00000,0x000000d9aed00000)]
  0x0000025ea1f71800 JavaThread "Sweeper thread" daemon [_thread_blocked, id=8696, stack(0x000000d9aeb00000,0x000000d9aec00000)]
  0x0000025ea1f4c000 JavaThread "C1 CompilerThread2" daemon [_thread_blocked, id=11404, stack(0x000000d9aea00000,0x000000d9aeb00000)]
  0x0000025ea1f3b000 JavaThread "C2 CompilerThread1" daemon [_thread_blocked, id=356, stack(0x000000d9ae900000,0x000000d9aea00000)]
  0x0000025ea1f36000 JavaThread "C2 CompilerThread0" daemon [_thread_blocked, id=6192, stack(0x000000d9ae800000,0x000000d9ae900000)]
  0x0000025ea1f32800 JavaThread "Attach Listener" daemon [_thread_blocked, id=1116, stack(0x000000d9ae700000,0x000000d9ae800000)]
  0x0000025ea1f31800 JavaThread "Signal Dispatcher" daemon [_thread_blocked, id=8588, stack(0x000000d9ae600000,0x000000d9ae700000)]
  0x0000025ea1ee3800 JavaThread "Finalizer" daemon [_thread_blocked, id=4648, stack(0x000000d9ae500000,0x000000d9ae600000)]
  0x0000025ea1eda000 JavaThread "Reference Handler" daemon [_thread_blocked, id=8844, stack(0x000000d9ae400000,0x000000d9ae500000)]
=>0x0000025efea97000 JavaThread "main" [_thread_in_native, id=7016, stack(0x000000d9ad700000,0x000000d9ad800000)]

Other Threads:
  0x0000025ea1ed3800 VMThread "VM Thread" [stack: 0x000000d9ae300000,0x000000d9ae400000] [id=5424]
  0x0000025ea2236800 WatcherThread [stack: 0x000000d9aef00000,0x000000d9af000000] [id=3376]
  0x0000025efeaaf000 GCTaskThread "GC Thread#0" [stack: 0x000000d9ad800000,0x000000d9ad900000] [id=11520]
  0x0000025efeab1000 GCTaskThread "GC Thread#1" [stack: 0x000000d9ad900000,0x000000d9ada00000] [id=15952]
  0x0000025efeab2800 GCTaskThread "GC Thread#2" [stack: 0x000000d9ada00000,0x000000d9adb00000] [id=14412]
  0x0000025efeab5000 GCTaskThread "GC Thread#3" [stack: 0x000000d9adb00000,0x000000d9adc00000] [id=14756]
  0x0000025efeb26800 ConcurrentGCThread "G1 Main Marker" [stack: 0x000000d9ae100000,0x000000d9ae200000] [id=3696]
  0x0000025efeb28000 ConcurrentGCThread "G1 Marker#0" [stack: 0x000000d9ae200000,0x000000d9ae300000] [id=15120]
  0x0000025efeabe800 ConcurrentGCThread "G1 Refine#0" [stack: 0x000000d9adf00000,0x000000d9ae000000] [id=14128]
  0x0000025efeabc000 ConcurrentGCThread "G1 Refine#1" [stack: 0x000000d9ade00000,0x000000d9adf00000] [id=1300]
  0x0000025efeaba800 ConcurrentGCThread "G1 Refine#2" [stack: 0x000000d9add00000,0x000000d9ade00000] [id=6480]
  0x0000025efeab7800 ConcurrentGCThread "G1 Refine#3" [stack: 0x000000d9adc00000,0x000000d9add00000] [id=16904]
  0x0000025efeabf800 ConcurrentGCThread "G1 Young RemSet Sampling" [stack: 0x000000d9ae000000,0x000000d9ae100000] [id=5480]

Threads with active compile tasks:

VM state:not at safepoint (normal execution)

VM Mutex/Monitor currently owned by a thread: None

Heap address: 0x0000000081600000, size: 2026 MB, Compressed Oops mode: 32-bit
Narrow klass base: 0x0000000000000000, Narrow klass shift: 3
Compressed class space size: 1073741824 Address: 0x0000000100000000

Heap:
 garbage-first heap   total 131072K, used 2048K [0x0000000081600000, 0x0000000081700400, 0x0000000100000000)
  region size 1024K, 3 young (3072K), 0 survivors (0K)
 Metaspace       used 5298K, capacity 5324K, committed 5376K, reserved 1056768K
  class space    used 473K, capacity 492K, committed 512K, reserved 1048576K
Heap Regions: E=young(eden), S=young(survivor), O=old, HS=humongous(starts), HC=humongous(continues), CS=collection set, F=free, A=archive, TS=gc time stamp, AC=allocation context, TAMS=top-at-mark-start (previous, next)
|   0|0x0000000081600000, 0x0000000081600000, 0x0000000081700000|  0%| F|  |TS  0|AC  0|TAMS 0x0000000081600000, 0x0000000081600000|
|   1|0x0000000081700000, 0x0000000081700000, 0x0000000081800000|  0%| F|  |TS  0|AC  0|TAMS 0x0000000081700000, 0x0000000081700000|
|   2|0x0000000081800000, 0x0000000081800000, 0x0000000081900000|  0%| F|  |TS  0|AC  0|TAMS 0x0000000081800000, 0x0000000081800000|
|   3|0x0000000081900000, 0x0000000081900000, 0x0000000081a00000|  0%| F|  |TS  0|AC  0|TAMS 0x0000000081900000, 0x0000000081900000|
|   4|0x0000000081a00000, 0x0000000081a00000, 0x0000000081b00000|  0%| F|  |TS  0|AC  0|TAMS 0x0000000081a00000, 0x0000000081a00000|
|   5|0x0000000081b00000, 0x0000000081b00000, 0x0000000081c00000|  0%| F|  |TS  0|AC  0|TAMS 0x0000000081b00000, 0x0000000081b00000|
|   6|0x0000000081c00000, 0x0000000081c00000, 0x0000000081d00000|  0%| F|  |TS  0|AC  0|TAMS 0x0000000081c00000, 0x0000000081c00000|
|   7|0x0000000081d00000, 0x0000000081d00000, 0x0000000081e00000|  0%| F|  |TS  0|AC  0|TAMS 0x0000000081d00000, 0x0000000081d00000|
|   8|0x0000000081e00000, 0x0000000081e00000, 0x0000000081f00000|  0%| F|  |TS  0|AC  0|TAMS 0x0000000081e00000, 0x0000000081e00000|
|   9|0x0000000081f00000, 0x0000000081f00000, 0x0000000082000000|  0%| F|  |TS  0|AC  0|TAMS 0x0000000081f00000, 0x0000000081f00000|
|  10|0x0000000082000000, 0x0000000082000000, 0x0000000082100000|  0%| F|  |TS  0|AC  0|TAMS 0x0000000082000000, 0x0000000082000000|
|  11|0x0000000082100000, 0x0000000082100000, 0x0000000082200000|  0%| F|  |TS  0|AC  0|TAMS 0x0000000082100000, 0x0000000082100000|
|  12|0x0000000082200000, 0x0000000082200000, 0x0000000082300000|  0%| F|  |TS  0|AC  0|TAMS 0x0000000082200000, 0x0000000082200000|
|  13|0x0000000082300000, 0x0000000082300000, 0x0000000082400000|  0%| F|  |TS  0|AC  0|TAMS 0x0000000082300000, 0x0000000082300000|
|  14|0x0000000082400000, 0x0000000082400000, 0x0000000082500000|  0%| F|  |TS  0|AC  0|TAMS 0x0000000082400000, 0x0000000082400000|
|  15|0x0000000082500000, 0x0000000082500000, 0x0000000082600000|  0%| F|  |TS  0|AC  0|TAMS 0x0000000082500000, 0x0000000082500000|
|  16|0x0000000082600000, 0x0000000082600000, 0x0000000082700000|  0%| F|  |TS  0|AC  0|TAMS 0x0000000082600000, 0x0000000082600000|
|  17|0x0000000082700000, 0x0000000082700000, 0x0000000082800000|  0%| F|  |TS  0|AC  0|TAMS 0x0000000082700000, 0x0000000082700000|
|  18|0x0000000082800000, 0x0000000082800000, 0x0000000082900000|  0%| F|  |TS  0|AC  0|TAMS 0x0000000082800000, 0x0000000082800000|
|  19|0x0000000082900000, 0x0000000082900000, 0x0000000082a00000|  0%| F|  |TS  0|AC  0|TAMS 0x0000000082900000, 0x0000000082900000|
|  20|0x0000000082a00000, 0x0000000082a00000, 0x0000000082b00000|  0%| F|  |TS  0|AC  0|TAMS 0x0000000082a00000, 0x0000000082a00000|
|  21|0x0000000082b00000, 0x0000000082b00000, 0x0000000082c00000|  0%| F|  |TS  0|AC  0|TAMS 0x0000000082b00000, 0x0000000082b00000|
|  22|0x0000000082c00000, 0x0000000082c00000, 0x0000000082d00000|  0%| F|  |TS  0|AC  0|TAMS 0x0000000082c00000, 0x0000000082c00000|
|  23|0x0000000082d00000, 0x0000000082d00000, 0x0000000082e00000|  0%| F|  |TS  0|AC  0|TAMS 0x0000000082d00000, 0x0000000082d00000|
|  24|0x0000000082e00000, 0x0000000082e00000, 0x0000000082f00000|  0%| F|  |TS  0|AC  0|TAMS 0x0000000082e00000, 0x0000000082e00000|
|  25|0x0000000082f00000, 0x0000000082f00000, 0x0000000083000000|  0%| F|  |TS  0|AC  0|TAMS 0x0000000082f00000, 0x0000000082f00000|
|  26|0x0000000083000000, 0x0000000083000000, 0x0000000083100000|  0%| F|  |TS  0|AC  0|TAMS 0x0000000083000000, 0x0000000083000000|
|  27|0x0000000083100000, 0x0000000083100000, 0x0000000083200000|  0%| F|  |TS  0|AC  0|TAMS 0x0000000083100000, 0x0000000083100000|
|  28|0x0000000083200000, 0x0000000083200000, 0x0000000083300000|  0%| F|  |TS  0|AC  0|TAMS 0x0000000083200000, 0x0000000083200000|
|  29|0x0000000083300000, 0x0000000083300000, 0x0000000083400000|  0%| F|  |TS  0|AC  0|TAMS 0x0000000083300000, 0x0000000083300000|
|  30|0x0000000083400000, 0x0000000083400000, 0x0000000083500000|  0%| F|  |TS  0|AC  0|TAMS 0x0000000083400000, 0x0000000083400000|
|  31|0x0000000083500000, 0x0000000083500000, 0x0000000083600000|  0%| F|  |TS  0|AC  0|TAMS 0x0000000083500000, 0x0000000083500000|
|  32|0x0000000083600000, 0x0000000083600000, 0x0000000083700000|  0%| F|  |TS  0|AC  0|TAMS 0x0000000083600000, 0x0000000083600000|
|  33|0x0000000083700000, 0x0000000083700000, 0x0000000083800000|  0%| F|  |TS  0|AC  0|TAMS 0x0000000083700000, 0x0000000083700000|
|  34|0x0000000083800000, 0x0000000083800000, 0x0000000083900000|  0%| F|  |TS  0|AC  0|TAMS 0x0000000083800000, 0x0000000083800000|
|  35|0x0000000083900000, 0x0000000083900000, 0x0000000083a00000|  0%| F|  |TS  0|AC  0|TAMS 0x0000000083900000, 0x0000000083900000|
|  36|0x0000000083a00000, 0x0000000083a00000, 0x0000000083b00000|  0%| F|  |TS  0|AC  0|TAMS 0x0000000083a00000, 0x0000000083a00000|
|  37|0x0000000083b00000, 0x0000000083b00000, 0x0000000083c00000|  0%| F|  |TS  0|AC  0|TAMS 0x0000000083b00000, 0x0000000083b00000|
|  38|0x0000000083c00000, 0x0000000083c00000, 0x0000000083d00000|  0%| F|  |TS  0|AC  0|TAMS 0x0000000083c00000, 0x0000000083c00000|
|  39|0x0000000083d00000, 0x0000000083d00000, 0x0000000083e00000|  0%| F|  |TS  0|AC  0|TAMS 0x0000000083d00000, 0x0000000083d00000|
|  40|0x0000000083e00000, 0x0000000083e00000, 0x0000000083f00000|  0%| F|  |TS  0|AC  0|TAMS 0x0000000083e00000, 0x0000000083e00000|
|  41|0x0000000083f00000, 0x0000000083f00000, 0x0000000084000000|  0%| F|  |TS  0|AC  0|TAMS 0x0000000083f00000, 0x0000000083f00000|
|  42|0x0000000084000000, 0x0000000084000000, 0x0000000084100000|  0%| F|  |TS  0|AC  0|TAMS 0x0000000084000000, 0x0000000084000000|
|  43|0x0000000084100000, 0x0000000084100000, 0x0000000084200000|  0%| F|  |TS  0|AC  0|TAMS 0x0000000084100000, 0x0000000084100000|
|  44|0x0000000084200000, 0x0000000084200000, 0x0000000084300000|  0%| F|  |TS  0|AC  0|TAMS 0x0000000084200000, 0x0000000084200000|
|  45|0x0000000084300000, 0x0000000084300000, 0x0000000084400000|  0%| F|  |TS  0|AC  0|TAMS 0x0000000084300000, 0x0000000084300000|
|  46|0x0000000084400000, 0x0000000084400000, 0x0000000084500000|  0%| F|  |TS  0|AC  0|TAMS 0x0000000084400000, 0x0000000084400000|
|  47|0x0000000084500000, 0x0000000084500000, 0x0000000084600000|  0%| F|  |TS  0|AC  0|TAMS 0x0000000084500000, 0x0000000084500000|
|  48|0x0000000084600000, 0x0000000084600000, 0x0000000084700000|  0%| F|  |TS  0|AC  0|TAMS 0x0000000084600000, 0x0000000084600000|
|  49|0x0000000084700000, 0x0000000084700000, 0x0000000084800000|  0%| F|  |TS  0|AC  0|TAMS 0x0000000084700000, 0x0000000084700000|
|  50|0x0000000084800000, 0x0000000084800000, 0x0000000084900000|  0%| F|  |TS  0|AC  0|TAMS 0x0000000084800000, 0x0000000084800000|
|  51|0x0000000084900000, 0x0000000084900000, 0x0000000084a00000|  0%| F|  |TS  0|AC  0|TAMS 0x0000000084900000, 0x0000000084900000|
|  52|0x0000000084a00000, 0x0000000084a00000, 0x0000000084b00000|  0%| F|  |TS  0|AC  0|TAMS 0x0000000084a00000, 0x0000000084a00000|
|  53|0x0000000084b00000, 0x0000000084b00000, 0x0000000084c00000|  0%| F|  |TS  0|AC  0|TAMS 0x0000000084b00000, 0x0000000084b00000|
|  54|0x0000000084c00000, 0x0000000084c00000, 0x0000000084d00000|  0%| F|  |TS  0|AC  0|TAMS 0x0000000084c00000, 0x0000000084c00000|
|  55|0x0000000084d00000, 0x0000000084d00000, 0x0000000084e00000|  0%| F|  |TS  0|AC  0|TAMS 0x0000000084d00000, 0x0000000084d00000|
|  56|0x0000000084e00000, 0x0000000084e00000, 0x0000000084f00000|  0%| F|  |TS  0|AC  0|TAMS 0x0000000084e00000, 0x0000000084e00000|
|  57|0x0000000084f00000, 0x0000000084f00000, 0x0000000085000000|  0%| F|  |TS  0|AC  0|TAMS 0x0000000084f00000, 0x0000000084f00000|
|  58|0x0000000085000000, 0x0000000085000000, 0x0000000085100000|  0%| F|  |TS  0|AC  0|TAMS 0x0000000085000000, 0x0000000085000000|
|  59|0x0000000085100000, 0x0000000085100000, 0x0000000085200000|  0%| F|  |TS  0|AC  0|TAMS 0x0000000085100000, 0x0000000085100000|
|  60|0x0000000085200000, 0x0000000085200000, 0x0000000085300000|  0%| F|  |TS  0|AC  0|TAMS 0x0000000085200000, 0x0000000085200000|
|  61|0x0000000085300000, 0x0000000085300000, 0x0000000085400000|  0%| F|  |TS  0|AC  0|TAMS 0x0000000085300000, 0x0000000085300000|
|  62|0x0000000085400000, 0x0000000085400000, 0x0000000085500000|  0%| F|  |TS  0|AC  0|TAMS 0x0000000085400000, 0x0000000085400000|
|  63|0x0000000085500000, 0x0000000085500000, 0x0000000085600000|  0%| F|  |TS  0|AC  0|TAMS 0x0000000085500000, 0x0000000085500000|
|  64|0x0000000085600000, 0x0000000085600000, 0x0000000085700000|  0%| F|  |TS  0|AC  0|TAMS 0x0000000085600000, 0x0000000085600000|
|  65|0x0000000085700000, 0x0000000085700000, 0x0000000085800000|  0%| F|  |TS  0|AC  0|TAMS 0x0000000085700000, 0x0000000085700000|
|  66|0x0000000085800000, 0x0000000085800000, 0x0000000085900000|  0%| F|  |TS  0|AC  0|TAMS 0x0000000085800000, 0x0000000085800000|
|  67|0x0000000085900000, 0x0000000085900000, 0x0000000085a00000|  0%| F|  |TS  0|AC  0|TAMS 0x0000000085900000, 0x0000000085900000|
|  68|0x0000000085a00000, 0x0000000085a00000, 0x0000000085b00000|  0%| F|  |TS  0|AC  0|TAMS 0x0000000085a00000, 0x0000000085a00000|
|  69|0x0000000085b00000, 0x0000000085b00000, 0x0000000085c00000|  0%| F|  |TS  0|AC  0|TAMS 0x0000000085b00000, 0x0000000085b00000|
|  70|0x0000000085c00000, 0x0000000085c00000, 0x0000000085d00000|  0%| F|  |TS  0|AC  0|TAMS 0x0000000085c00000, 0x0000000085c00000|
|  71|0x0000000085d00000, 0x0000000085d00000, 0x0000000085e00000|  0%| F|  |TS  0|AC  0|TAMS 0x0000000085d00000, 0x0000000085d00000|
|  72|0x0000000085e00000, 0x0000000085e00000, 0x0000000085f00000|  0%| F|  |TS  0|AC  0|TAMS 0x0000000085e00000, 0x0000000085e00000|
|  73|0x0000000085f00000, 0x0000000085f00000, 0x0000000086000000|  0%| F|  |TS  0|AC  0|TAMS 0x0000000085f00000, 0x0000000085f00000|
|  74|0x0000000086000000, 0x0000000086000000, 0x0000000086100000|  0%| F|  |TS  0|AC  0|TAMS 0x0000000086000000, 0x0000000086000000|
|  75|0x0000000086100000, 0x0000000086100000, 0x0000000086200000|  0%| F|  |TS  0|AC  0|TAMS 0x0000000086100000, 0x0000000086100000|
|  76|0x0000000086200000, 0x0000000086200000, 0x0000000086300000|  0%| F|  |TS  0|AC  0|TAMS 0x0000000086200000, 0x0000000086200000|
|  77|0x0000000086300000, 0x0000000086300000, 0x0000000086400000|  0%| F|  |TS  0|AC  0|TAMS 0x0000000086300000, 0x0000000086300000|
|  78|0x0000000086400000, 0x0000000086400000, 0x0000000086500000|  0%| F|  |TS  0|AC  0|TAMS 0x0000000086400000, 0x0000000086400000|
|  79|0x0000000086500000, 0x0000000086500000, 0x0000000086600000|  0%| F|  |TS  0|AC  0|TAMS 0x0000000086500000, 0x0000000086500000|
|  80|0x0000000086600000, 0x0000000086600000, 0x0000000086700000|  0%| F|  |TS  0|AC  0|TAMS 0x0000000086600000, 0x0000000086600000|
|  81|0x0000000086700000, 0x0000000086700000, 0x0000000086800000|  0%| F|  |TS  0|AC  0|TAMS 0x0000000086700000, 0x0000000086700000|
|  82|0x0000000086800000, 0x0000000086800000, 0x0000000086900000|  0%| F|  |TS  0|AC  0|TAMS 0x0000000086800000, 0x0000000086800000|
|  83|0x0000000086900000, 0x0000000086900000, 0x0000000086a00000|  0%| F|  |TS  0|AC  0|TAMS 0x0000000086900000, 0x0000000086900000|
|  84|0x0000000086a00000, 0x0000000086a00000, 0x0000000086b00000|  0%| F|  |TS  0|AC  0|TAMS 0x0000000086a00000, 0x0000000086a00000|
|  85|0x0000000086b00000, 0x0000000086b00000, 0x0000000086c00000|  0%| F|  |TS  0|AC  0|TAMS 0x0000000086b00000, 0x0000000086b00000|
|  86|0x0000000086c00000, 0x0000000086c00000, 0x0000000086d00000|  0%| F|  |TS  0|AC  0|TAMS 0x0000000086c00000, 0x0000000086c00000|
|  87|0x0000000086d00000, 0x0000000086d00000, 0x0000000086e00000|  0%| F|  |TS  0|AC  0|TAMS 0x0000000086d00000, 0x0000000086d00000|
|  88|0x0000000086e00000, 0x0000000086e00000, 0x0000000086f00000|  0%| F|  |TS  0|AC  0|TAMS 0x0000000086e00000, 0x0000000086e00000|
|  89|0x0000000086f00000, 0x0000000086f00000, 0x0000000087000000|  0%| F|  |TS  0|AC  0|TAMS 0x0000000086f00000, 0x0000000086f00000|
|  90|0x0000000087000000, 0x0000000087000000, 0x0000000087100000|  0%| F|  |TS  0|AC  0|TAMS 0x0000000087000000, 0x0000000087000000|
|  91|0x0000000087100000, 0x0000000087100000, 0x0000000087200000|  0%| F|  |TS  0|AC  0|TAMS 0x0000000087100000, 0x0000000087100000|
|  92|0x0000000087200000, 0x0000000087200000, 0x0000000087300000|  0%| F|  |TS  0|AC  0|TAMS 0x0000000087200000, 0x0000000087200000|
|  93|0x0000000087300000, 0x0000000087300000, 0x0000000087400000|  0%| F|  |TS  0|AC  0|TAMS 0x0000000087300000, 0x0000000087300000|
|  94|0x0000000087400000, 0x0000000087400000, 0x0000000087500000|  0%| F|  |TS  0|AC  0|TAMS 0x0000000087400000, 0x0000000087400000|
|  95|0x0000000087500000, 0x0000000087500000, 0x0000000087600000|  0%| F|  |TS  0|AC  0|TAMS 0x0000000087500000, 0x0000000087500000|
|  96|0x0000000087600000, 0x0000000087600000, 0x0000000087700000|  0%| F|  |TS  0|AC  0|TAMS 0x0000000087600000, 0x0000000087600000|
|  97|0x0000000087700000, 0x0000000087700000, 0x0000000087800000|  0%| F|  |TS  0|AC  0|TAMS 0x0000000087700000, 0x0000000087700000|
|  98|0x0000000087800000, 0x0000000087800000, 0x0000000087900000|  0%| F|  |TS  0|AC  0|TAMS 0x0000000087800000, 0x0000000087800000|
|  99|0x0000000087900000, 0x0000000087900000, 0x0000000087a00000|  0%| F|  |TS  0|AC  0|TAMS 0x0000000087900000, 0x0000000087900000|
| 100|0x0000000087a00000, 0x0000000087a00000, 0x0000000087b00000|  0%| F|  |TS  0|AC  0|TAMS 0x0000000087a00000, 0x0000000087a00000|
| 101|0x0000000087b00000, 0x0000000087b00000, 0x0000000087c00000|  0%| F|  |TS  0|AC  0|TAMS 0x0000000087b00000, 0x0000000087b00000|
| 102|0x0000000087c00000, 0x0000000087c00000, 0x0000000087d00000|  0%| F|  |TS  0|AC  0|TAMS 0x0000000087c00000, 0x0000000087c00000|
| 103|0x0000000087d00000, 0x0000000087d00000, 0x0000000087e00000|  0%| F|  |TS  0|AC  0|TAMS 0x0000000087d00000, 0x0000000087d00000|
| 104|0x0000000087e00000, 0x0000000087e00000, 0x0000000087f00000|  0%| F|  |TS  0|AC  0|TAMS 0x0000000087e00000, 0x0000000087e00000|
| 105|0x0000000087f00000, 0x0000000087f00000, 0x0000000088000000|  0%| F|  |TS  0|AC  0|TAMS 0x0000000087f00000, 0x0000000087f00000|
| 106|0x0000000088000000, 0x0000000088000000, 0x0000000088100000|  0%| F|  |TS  0|AC  0|TAMS 0x0000000088000000, 0x0000000088000000|
| 107|0x0000000088100000, 0x0000000088100000, 0x0000000088200000|  0%| F|  |TS  0|AC  0|TAMS 0x0000000088100000, 0x0000000088100000|
| 108|0x0000000088200000, 0x0000000088200000, 0x0000000088300000|  0%| F|  |TS  0|AC  0|TAMS 0x0000000088200000, 0x0000000088200000|
| 109|0x0000000088300000, 0x0000000088300000, 0x0000000088400000|  0%| F|  |TS  0|AC  0|TAMS 0x0000000088300000, 0x0000000088300000|
| 110|0x0000000088400000, 0x0000000088400000, 0x0000000088500000|  0%| F|  |TS  0|AC  0|TAMS 0x0000000088400000, 0x0000000088400000|
| 111|0x0000000088500000, 0x0000000088500000, 0x0000000088600000|  0%| F|  |TS  0|AC  0|TAMS 0x0000000088500000, 0x0000000088500000|
| 112|0x0000000088600000, 0x0000000088600000, 0x0000000088700000|  0%| F|  |TS  0|AC  0|TAMS 0x0000000088600000, 0x0000000088600000|
| 113|0x0000000088700000, 0x0000000088700000, 0x0000000088800000|  0%| F|  |TS  0|AC  0|TAMS 0x0000000088700000, 0x0000000088700000|
| 114|0x0000000088800000, 0x0000000088800000, 0x0000000088900000|  0%| F|  |TS  0|AC  0|TAMS 0x0000000088800000, 0x0000000088800000|
| 115|0x0000000088900000, 0x0000000088900000, 0x0000000088a00000|  0%| F|  |TS  0|AC  0|TAMS 0x0000000088900000, 0x0000000088900000|
| 116|0x0000000088a00000, 0x0000000088a00000, 0x0000000088b00000|  0%| F|  |TS  0|AC  0|TAMS 0x0000000088a00000, 0x0000000088a00000|
| 117|0x0000000088b00000, 0x0000000088b00000, 0x0000000088c00000|  0%| F|  |TS  0|AC  0|TAMS 0x0000000088b00000, 0x0000000088b00000|
| 118|0x0000000088c00000, 0x0000000088c00000, 0x0000000088d00000|  0%| F|  |TS  0|AC  0|TAMS 0x0000000088c00000, 0x0000000088c00000|
| 119|0x0000000088d00000, 0x0000000088d00000, 0x0000000088e00000|  0%| F|  |TS  0|AC  0|TAMS 0x0000000088d00000, 0x0000000088d00000|
| 120|0x0000000088e00000, 0x0000000088e00000, 0x0000000088f00000|  0%| F|  |TS  0|AC  0|TAMS 0x0000000088e00000, 0x0000000088e00000|
| 121|0x0000000088f00000, 0x0000000088f00000, 0x0000000089000000|  0%| F|  |TS  0|AC  0|TAMS 0x0000000088f00000, 0x0000000088f00000|
| 122|0x0000000089000000, 0x0000000089000000, 0x0000000089100000|  0%| F|  |TS  0|AC  0|TAMS 0x0000000089000000, 0x0000000089000000|
| 123|0x0000000089100000, 0x0000000089100000, 0x0000000089200000|  0%| F|  |TS  0|AC  0|TAMS 0x0000000089100000, 0x0000000089100000|
| 124|0x0000000089200000, 0x0000000089200000, 0x0000000089300000|  0%| F|  |TS  0|AC  0|TAMS 0x0000000089200000, 0x0000000089200000|
| 125|0x0000000089300000, 0x0000000089400000, 0x0000000089400000|100%| E|  |TS  0|AC  0|TAMS 0x0000000089300000, 0x0000000089300000|
| 126|0x0000000089400000, 0x0000000089500000, 0x0000000089500000|100%| E|CS|TS  0|AC  0|TAMS 0x0000000089400000, 0x0000000089400000|
| 127|0x0000000089500000, 0x0000000089600000, 0x0000000089600000|100%| E|CS|TS  0|AC  0|TAMS 0x0000000089500000, 0x0000000089500000|

Card table byte_map: [0x0000025e9aa60000,0x0000025e9ae60000] byte_map_base: 0x0000025e9a655000

Marking Bits (Prev, Next): (CMBitMap*) 0x0000025efeb25fb0, (CMBitMap*) 0x0000025efeb25fe8
 Prev Bits: [0x0000025e9b260000, 0x0000025e9d208000)
 Next Bits: [0x0000025e9d210000, 0x0000025e9f1b8000)

Polling page: 0x0000025efea00000

CodeHeap 'non-profiled nmethods': size=120064Kb used=50Kb max_used=50Kb free=120014Kb
 bounds [0x0000025e93520000, 0x0000025e93790000, 0x0000025e9aa60000]
CodeHeap 'profiled nmethods': size=120000Kb used=248Kb max_used=248Kb free=119751Kb
 bounds [0x0000025e8bff0000, 0x0000025e8c260000, 0x0000025e93520000]
CodeHeap 'non-nmethods': size=5696Kb used=1176Kb max_used=1178Kb free=4520Kb
 bounds [0x0000025e8ba60000, 0x0000025e8bcd0000, 0x0000025e8bff0000]
 total_blobs=563 nmethods=190 adapters=220
 compilation: enabled

Compilation events (10 events):
Event: 0.303 Thread 0x0000025ea1f4c000 nmethod 185 0x0000025e8c02bb90 code [0x0000025e8c02bd80, 0x0000025e8c02c1a0]
Event: 0.312 Thread 0x0000025ea1f4c000  186       3       java.net.URI::access$300 (7 bytes)
Event: 0.312 Thread 0x0000025ea1f4c000 nmethod 186 0x0000025e8c02c310 code [0x0000025e8c02c4c0, 0x0000025e8c02c630]
Event: 0.321 Thread 0x0000025ea1f4c000  187       3       java.lang.String::charAt (25 bytes)
Event: 0.321 Thread 0x0000025ea1f4c000 nmethod 187 0x0000025e8c02c710 code [0x0000025e8c02c920, 0x0000025e8c02ce80]
Event: 0.371 Thread 0x0000025ea1f4c000  188       3       jdk.internal.math.FDBigInteger::mult (64 bytes)
Event: 0.371 Thread 0x0000025ea1f4c000 nmethod 188 0x0000025e8c02d090 code [0x0000025e8c02d260, 0x0000025e8c02d4f8]
Event: 0.371 Thread 0x0000025ea1f4c000  189       3       jdk.internal.math.FDBigInteger::<init> (30 bytes)
Event: 0.371 Thread 0x0000025ea1f4c000 nmethod 189 0x0000025e8c02d710 code [0x0000025e8c02d8e0, 0x0000025e8c02db50]
Event: 0.371 Thread 0x0000025ea1f4c000  190       3       jdk.internal.math.FDBigInteger::trimLeadingZeros (57 bytes)

GC Heap History (0 events):
No events

Deoptimization events (1 events):
Event: 0.315 Thread 0x0000025ea2219000 Uncommon trap: reason=unstable_if action=reinterpret pc=0x0000025e9352bb18 method=java.lang.String.charAt(I)C @ 4 c2

Classes redefined (0 events):
No events

Internal exceptions (0 events):
No events

Events (10 events):
Event: 0.368 loading class jdk/internal/math/FloatingDecimal$BinaryToASCIIBuffer
Event: 0.368 loading class jdk/internal/math/FloatingDecimal$BinaryToASCIIBuffer done
Event: 0.368 loading class jdk/internal/math/FloatingDecimal$1
Event: 0.368 loading class jdk/internal/math/FloatingDecimal$1 done
Event: 0.368 loading class jdk/internal/math/FloatingDecimal$PreparedASCIIToBinaryBuffer
Event: 0.368 loading class jdk/internal/math/FloatingDecimal$ASCIIToBinaryConverter
Event: 0.368 loading class jdk/internal/math/FloatingDecimal$ASCIIToBinaryConverter done
Event: 0.368 loading class jdk/internal/math/FloatingDecimal$PreparedASCIIToBinaryBuffer done
Event: 0.368 loading class jdk/internal/math/FDBigInteger
Event: 0.369 loading class jdk/internal/math/FDBigInteger done


Dynamic libraries:
0x00007ff6a5860000 - 0x00007ff6a589e000 	C:\Program Files\Java\jdk-9.0.4\bin\java.exe
0x00007fff56570000 - 0x00007fff56751000 	C:\WINDOWS\SYSTEM32\ntdll.dll
0x00007fff55ec0000 - 0x00007fff55f72000 	C:\WINDOWS\System32\KERNEL32.DLL
0x00007fff52b50000 - 0x00007fff52dc3000 	C:\WINDOWS\System32\KERNELBASE.dll
0x00007fff56170000 - 0x00007fff56211000 	C:\WINDOWS\System32\ADVAPI32.dll
0x00007fff55e20000 - 0x00007fff55ebe000 	C:\WINDOWS\System32\msvcrt.dll
0x00007fff56110000 - 0x00007fff5616b000 	C:\WINDOWS\System32\sechost.dll
0x00007fff53a10000 - 0x00007fff53b34000 	C:\WINDOWS\System32\RPCRT4.dll
0x00007fff55c70000 - 0x00007fff55e00000 	C:\WINDOWS\System32\USER32.dll
0x00007fff52b30000 - 0x00007fff52b50000 	C:\WINDOWS\System32\win32u.dll
0x00007fff54f80000 - 0x00007fff54fa8000 	C:\WINDOWS\System32\GDI32.dll
0x00007fff53730000 - 0x00007fff538c2000 	C:\WINDOWS\System32\gdi32full.dll
0x00007fff53690000 - 0x00007fff5372f000 	C:\WINDOWS\System32\msvcp_win.dll
0x00007fff534e0000 - 0x00007fff535da000 	C:\WINDOWS\System32\ucrtbase.dll
0x00007fff43d10000 - 0x00007fff43f79000 	C:\WINDOWS\WinSxS\amd64_microsoft.windows.common-controls_6595b64144ccf1df_6.0.17134.48_none_b4b2216a3cb4dd3e\COMCTL32.dll
0x00007fff552a0000 - 0x00007fff555c3000 	C:\WINDOWS\System32\combase.dll
0x00007fff538d0000 - 0x00007fff5394a000 	C:\WINDOWS\System32\bcryptPrimitives.dll
0x00007fff3d720000 - 0x00007fff3d72a000 	C:\WINDOWS\SYSTEM32\VERSION.dll
0x00007fff56290000 - 0x00007fff562bd000 	C:\WINDOWS\System32\IMM32.DLL
0x00007fff2a320000 - 0x00007fff2a40f000 	C:\Program Files\Java\jdk-9.0.4\bin\msvcr120.dll
0x00007fff2e320000 - 0x00007fff2e3c6000 	C:\Program Files\Java\jdk-9.0.4\bin\msvcp120.dll
0x0000000073de0000 - 0x0000000074805000 	C:\Program Files\Java\jdk-9.0.4\bin\server\jvm.dll
0x00007fff55020000 - 0x00007fff55028000 	C:\WINDOWS\System32\PSAPI.DLL
0x00007fff3a4d0000 - 0x00007fff3a4d9000 	C:\WINDOWS\SYSTEM32\WSOCK32.dll
0x00007fff56220000 - 0x00007fff5628c000 	C:\WINDOWS\System32\WS2_32.dll
0x00007fff4d7e0000 - 0x00007fff4d803000 	C:\WINDOWS\SYSTEM32\WINMM.dll
0x00007fff4d7b0000 - 0x00007fff4d7da000 	C:\WINDOWS\SYSTEM32\WINMMBASE.dll
0x00007fff539b0000 - 0x00007fff539f9000 	C:\WINDOWS\System32\cfgmgr32.dll
0x00007fff4f0f0000 - 0x00007fff4f0ff000 	C:\Program Files\Java\jdk-9.0.4\bin\verify.dll
0x00007fff4b4d0000 - 0x00007fff4b4f7000 	C:\Program Files\Java\jdk-9.0.4\bin\java.dll
0x00007fff475a0000 - 0x00007fff475ca000 	C:\Program Files\Java\jdk-9.0.4\bin\instrument.dll
0x00007fff4d130000 - 0x00007fff4d146000 	C:\Program Files\Java\jdk-9.0.4\bin\zip.dll
0x00007fff4f0e0000 - 0x00007fff4f0ea000 	C:\Program Files\Java\jdk-9.0.4\bin\jimage.dll
0x00007fff53b40000 - 0x00007fff54f80000 	C:\WINDOWS\System32\SHELL32.dll
0x00007fff551f0000 - 0x00007fff55299000 	C:\WINDOWS\System32\shcore.dll
0x00007fff52dd0000 - 0x00007fff534dd000 	C:\WINDOWS\System32\windows.storage.dll
0x00007fff54fb0000 - 0x00007fff55001000 	C:\WINDOWS\System32\shlwapi.dll
0x00007fff528d0000 - 0x00007fff528e1000 	C:\WINDOWS\System32\kernel.appcore.dll
0x00007fff52900000 - 0x00007fff5291f000 	C:\WINDOWS\System32\profapi.dll
0x00007fff52880000 - 0x00007fff528cc000 	C:\WINDOWS\System32\powrprof.dll
0x00007fff528f0000 - 0x00007fff528fa000 	C:\WINDOWS\System32\FLTLIB.DLL
0x00007fff4b2c0000 - 0x00007fff4b2da000 	C:\Program Files\Java\jdk-9.0.4\bin\net.dll
0x00007fff4d390000 - 0x00007fff4d46d000 	C:\WINDOWS\SYSTEM32\WINHTTP.dll
0x00007fff52100000 - 0x00007fff52166000 	C:\WINDOWS\system32\mswsock.dll
0x00007fff4a6c0000 - 0x00007fff4a6d1000 	C:\Program Files\Java\jdk-9.0.4\bin\nio.dll
0x00007fff4a530000 - 0x00007fff4a54a000 	C:\Users\Student226123\AppData\Local\JetBrains\Toolbox\apps\IDEA-U\ch-0\181.4892.42\bin\breakgen64.dll
0x0000000062b40000 - 0x0000000062b80000 	C:\Program Files\Java\jdk-9.0.4\bin\Scalar.dll
0x00007fff3bc80000 - 0x00007fff3be49000 	C:\WINDOWS\SYSTEM32\dbghelp.dll

VM Arguments:
jvm_args: -javaagent:C:\Users\Student226123\AppData\Local\JetBrains\Toolbox\apps\IDEA-U\ch-0\181.4892.42\lib\idea_rt.jar=10335:C:\Users\Student226123\AppData\Local\JetBrains\Toolbox\apps\IDEA-U\ch-0\181.4892.42\bin -Dfile.encoding=UTF-8 
java_command: Scalar.ScalarMain
java_class_path (initial): C:\Users\Student226123\Desktop\zajecia\ProgramowanieJava\ProgramowanieJavaLab11\target\classes
Launcher Type: SUN_STANDARD

Logging:
Log output configuration:
#0: stdout all=warning uptime,level,tags
#1: stderr all=off uptime,level,tags

Environment Variables:
JAVA_HOME=C:\Program Files\Java\jdk-9.0.4\bin
PATH=C:\ProgramData\Oracle\Java\javapath;C:\Program Files (x86)\IntelSWTools\compilers_and_libraries_2018.2.185\windows\mpi\intel64\bin;C:\Program Files (x86)\Common Files\Intel\Shared Libraries\redist\intel64_win\mpirt;C:\Program Files (x86)\Common Files\Intel\Shared Libraries\redist\ia32_win\mpirt;C:\Program Files (x86)\Common Files\Intel\Shared Libraries\redist\intel64_win\compiler;C:\Program Files (x86)\Common Files\Intel\Shared Libraries\redist\ia32_win\compiler;C:\Program Files (x86)\Intel\iCLS Client\;C:\Program Files\Intel\iCLS Client\;C:\Program Files\Java\jdk-9.0.4\bin\bin;C:\WINDOWS\system32;C:\WINDOWS;C:\WINDOWS\System32\Wbem;C:\WINDOWS\System32\WindowsPowerShell\v1.0\;C:\Program Files\Intel\WiFi\bin\;C:\Program Files\Common Files\Intel\WirelessCommon\;C:\Program Files\dotnet\;C:\Program Files\Intel\Intel(R) Management Engine Components\DAL;C:\Program Files\Intel\Intel(R) Management Engine Components\IPT;C:\Program Files (x86)\Intel\Intel(R) Management Engine Components\DAL;C:\Program Files (x86)\Intel\Intel(R) Management Engine Components\IPT;%USERPROFILE%\.dnx\bin;C:\Program Files\Microsoft DNX\Dnvm\;C:\Program Files\Microsoft SQL Server\120\Tools\Binn\;C:\Program Files\Microsoft SQL Server\130\Tools\Binn\;C:\Program Files\nodejs\;C:\Program Files\Dell\Dell Data Protection\Drivers\TSS\bin\;C:\WINDOWS\System32\OpenSSH\;C:\gccComp\x86_64-w64-mingw32-gcc-4.8.0-win64_rubenvb\mingw64\bin\libstdc++-6.dll;C:\Users\Student226123\Desktop\zajecia\ProgramowanieJava\ProgramowanieJavaLab11\src\main\java\NativeTest;C:\Users\Student226123\AppData\Local\Programs\Python\Python36\Scripts\;C:\Users\Student226123\AppData\Local\Programs\Python\Python36\;C:\Users\Student226123\AppData\Local\Microsoft\WindowsApps;C:\Users\Student226123\AppData\Roaming\npm;C:\Program Files\Microsoft VS Code\bin
USERNAME=Student226123
OS=Windows_NT
PROCESSOR_IDENTIFIER=Intel64 Family 6 Model 69 Stepping 1, GenuineIntel



---------------  S Y S T E M  ---------------

OS: Windows 10 , 64 bit Build 17134 (10.0.17134.1)

CPU:total 4 (initial active 4) (2 cores per cpu, 2 threads per core) family 6 model 69 stepping 1, cmov, cx8, fxsr, mmx, sse, sse2, sse3, ssse3, sse4.1, sse4.2, popcnt, avx, avx2, aes, clmul, erms, lzcnt, ht, tsc, tscinvbit, bmi1, bmi2, fma

Memory: 4k page, physical 8291688k(2895600k free), swap 10582124k(1345940k free)

vm_info: Java HotSpot(TM) 64-Bit Server VM (9.0.4+11) for windows-amd64 JRE (9.0.4+11), built on Dec 20 2017 02:18:54 by "mach5one" with MS VC++ 12.0 (VS2013)

END.
